#
# There is insufficient memory for the Java Runtime Environment to continue.
# Native memory allocation (malloc) failed to allocate 1879216 bytes. Error detail: Chunk::new
# Possible reasons:
#   The system is out of physical RAM or swap space
#   This process is running with CompressedOops enabled, and the Java Heap may be blocking the growth of the native heap
# Possible solutions:
#   Reduce memory load on the system
#   Increase physical memory or swap space
#   Check if swap backing store is full
#   Decrease Java heap size (-Xmx/-Xms)
#   Decrease number of Java threads
#   Decrease Java thread stack sizes (-Xss)
#   Set larger code cache with -XX:ReservedCodeCacheSize=
#   JVM is running with Unscaled Compressed Oops mode in which the Java heap is
#     placed in the first 4GB address space. The Java Heap base address is the
#     maximum limit for the native heap growth. Please use -XX:HeapBaseMinAddress
#     to set the Java Heap base and to place the Java Heap above 4GB virtual address.
# This output file may be truncated or incomplete.
#
#  Out of Memory Error (arena.cpp:168), pid=18700, tid=16804
#
# JRE version: OpenJDK Runtime Environment Temurin-21.0.6+7 (21.0.6+7) (build 21.0.6+7-LTS)
# Java VM: OpenJDK 64-Bit Server VM Temurin-21.0.6+7 (21.0.6+7-LTS, mixed mode, sharing, tiered, compressed oops, compressed class ptrs, parallel gc, windows-amd64)
# No core dump will be written. Minidumps are not enabled by default on client versions of Windows
#

---------------  S U M M A R Y ------------

Command Line: --add-modules=ALL-SYSTEM --add-opens=java.base/java.util=ALL-UNNAMED --add-opens=java.base/java.lang=ALL-UNNAMED --add-opens=java.base/sun.nio.fs=ALL-UNNAMED -Declipse.application=org.eclipse.jdt.ls.core.id1 -Dosgi.bundles.defaultStartLevel=4 -Declipse.product=org.eclipse.jdt.ls.core.product -Djava.import.generatesMetadataFilesAtProjectRoot=false -DDetectVMInstallationsJob.disabled=true -Dfile.encoding=utf8 -XX:+UseParallelGC -XX:GCTimeRatio=4 -XX:AdaptiveSizePolicyWeight=90 -Dsun.zip.disableMemoryMapping=true -Xmx1G -Xms100m -Xlog:disable -javaagent:c:\Users\user\.vscode\extensions\redhat.java-1.41.1-win32-x64\lombok\lombok-1.18.36.jar -XX:+HeapDumpOnOutOfMemoryError -XX:HeapDumpPath=c:\Users\user\AppData\Roaming\Code\User\workspaceStorage\7081d4938b7bc58abd24a11fd8b53687\redhat.java -Daether.dependencyCollector.impl=bf c:\Users\user\.vscode\extensions\redhat.java-1.41.1-win32-x64\server\plugins\org.eclipse.equinox.launcher_1.7.0.v20250331-1702.jar -configuration c:\Users\user\AppData\Roaming\Code\User\globalStorage\redhat.java\1.41.1\config_win -data c:\Users\user\AppData\Roaming\Code\User\workspaceStorage\7081d4938b7bc58abd24a11fd8b53687\redhat.java\jdt_ws --pipe=\\.\pipe\lsp-54ab4f6e6c90f2e3b7dea5f92d52cd92-sock

Host: Intel(R) Core(TM) i5-7200U CPU @ 2.50GHz, 4 cores, 3G,  Windows 10 , 64 bit Build 19041 (10.0.19041.5678)
Time: Mon May  5 20:32:18 2025  Windows 10 , 64 bit Build 19041 (10.0.19041.5678) elapsed time: 43.666546 seconds (0d 0h 0m 43s)

---------------  T H R E A D  ---------------

Current thread (0x0000020852e73260):  JavaThread "C2 CompilerThread0" daemon [_thread_in_native, id=16804, stack(0x0000008862100000,0x0000008862200000) (1024K)]


Current CompileTask:
C2:43666 11394   !   4       org.eclipse.jdt.internal.core.search.indexing.BinaryIndexer::indexDocument (1204 bytes)

Stack: [0x0000008862100000,0x0000008862200000]
Native frames: (J=compiled Java code, j=interpreted, Vv=VM code, C=native code)
V  [jvm.dll+0x6cdee9]
V  [jvm.dll+0x8a83d1]
V  [jvm.dll+0x8aa8fe]
V  [jvm.dll+0x8aafe3]
V  [jvm.dll+0x27f706]
V  [jvm.dll+0xc500d]
V  [jvm.dll+0xc5543]
V  [jvm.dll+0x3b6752]
V  [jvm.dll+0x382935]
V  [jvm.dll+0x381d9a]
V  [jvm.dll+0x2479f0]
V  [jvm.dll+0x246fcf]
V  [jvm.dll+0x1c75ee]
V  [jvm.dll+0x25685a]
V  [jvm.dll+0x254dfa]
V  [jvm.dll+0x3f0256]
V  [jvm.dll+0x851f8b]
V  [jvm.dll+0x6cc5ed]
C  [ucrtbase.dll+0x21bb2]
C  [KERNEL32.DLL+0x17374]
C  [ntdll.dll+0x4cc91]


---------------  P R O C E S S  ---------------

Threads class SMR info:
_java_thread_list=0x000002089b3acdc0, length=43, elements={
0x000002083eb32fc0, 0x0000020852e5ee70, 0x0000020852e606d0, 0x0000020852e62250,
0x0000020852e633b0, 0x0000020852e6a220, 0x0000020852e6e170, 0x0000020852e73260,
0x0000020852e746f0, 0x0000020852f2d1b0, 0x000002089929cdf0, 0x0000020899705990,
0x000002089976ddc0, 0x00000208996d98b0, 0x0000020899bd2910, 0x000002089a102c30,
0x0000020899996250, 0x0000020899f4a8b0, 0x0000020899f49500, 0x0000020899f4b5d0,
0x0000020899f49b90, 0x0000020899f4af40, 0x0000020899f4bc60, 0x0000020899f487e0,
0x0000020899f48e70, 0x0000020899f4a220, 0x000002089a59fed0, 0x000002089a5a2cc0,
0x000002089a5a4070, 0x000002089a5a5ab0, 0x000002089a59f840, 0x000002089a5a0bf0,
0x000002089a5a4d90, 0x000002089a5a3350, 0x000002089a59f1b0, 0x000002089a5a1280,
0x000002089a5a1fa0, 0x000002089a5a1910, 0x000002089a5a2630, 0x000002089a5a39e0,
0x000002089a5a5420, 0x000002089a59eb20, 0x000002089a5a6140
}

Java Threads: ( => current thread )
  0x000002083eb32fc0 JavaThread "main"                              [_thread_blocked, id=9696, stack(0x0000008861600000,0x0000008861700000) (1024K)]
  0x0000020852e5ee70 JavaThread "Reference Handler"          daemon [_thread_blocked, id=6368, stack(0x0000008861b00000,0x0000008861c00000) (1024K)]
  0x0000020852e606d0 JavaThread "Finalizer"                  daemon [_thread_blocked, id=14564, stack(0x0000008861c00000,0x0000008861d00000) (1024K)]
  0x0000020852e62250 JavaThread "Signal Dispatcher"          daemon [_thread_blocked, id=11684, stack(0x0000008861d00000,0x0000008861e00000) (1024K)]
  0x0000020852e633b0 JavaThread "Attach Listener"            daemon [_thread_blocked, id=6440, stack(0x0000008861e00000,0x0000008861f00000) (1024K)]
  0x0000020852e6a220 JavaThread "Service Thread"             daemon [_thread_blocked, id=17264, stack(0x0000008861f00000,0x0000008862000000) (1024K)]
  0x0000020852e6e170 JavaThread "Monitor Deflation Thread"   daemon [_thread_blocked, id=14624, stack(0x0000008862000000,0x0000008862100000) (1024K)]
=>0x0000020852e73260 JavaThread "C2 CompilerThread0"         daemon [_thread_in_native, id=16804, stack(0x0000008862100000,0x0000008862200000) (1024K)]
  0x0000020852e746f0 JavaThread "C1 CompilerThread0"         daemon [_thread_blocked, id=13640, stack(0x0000008862200000,0x0000008862300000) (1024K)]
  0x0000020852f2d1b0 JavaThread "Common-Cleaner"             daemon [_thread_blocked, id=9880, stack(0x0000008862300000,0x0000008862400000) (1024K)]
  0x000002089929cdf0 JavaThread "Notification Thread"        daemon [_thread_blocked, id=11972, stack(0x0000008862400000,0x0000008862500000) (1024K)]
  0x0000020899705990 JavaThread "Active Thread: Equinox Container: 48b2dc47-b5d0-4487-bcc3-a5f1dba04ffe"        [_thread_blocked, id=6528, stack(0x0000008862900000,0x0000008862a00000) (1024K)]
  0x000002089976ddc0 JavaThread "Refresh Thread: Equinox Container: 48b2dc47-b5d0-4487-bcc3-a5f1dba04ffe" daemon [_thread_blocked, id=2616, stack(0x0000008862a00000,0x0000008862b00000) (1024K)]
  0x00000208996d98b0 JavaThread "Framework Event Dispatcher: Equinox Container: 48b2dc47-b5d0-4487-bcc3-a5f1dba04ffe" daemon [_thread_blocked, id=11928, stack(0x0000008862b00000,0x0000008862c00000) (1024K)]
  0x0000020899bd2910 JavaThread "Start Level: Equinox Container: 48b2dc47-b5d0-4487-bcc3-a5f1dba04ffe" daemon [_thread_blocked, id=13436, stack(0x0000008862c00000,0x0000008862d00000) (1024K)]
  0x000002089a102c30 JavaThread "Bundle File Closer"         daemon [_thread_blocked, id=3904, stack(0x0000008862d00000,0x0000008862e00000) (1024K)]
  0x0000020899996250 JavaThread "SCR Component Actor"        daemon [_thread_blocked, id=20452, stack(0x0000008862800000,0x0000008862900000) (1024K)]
  0x0000020899f4a8b0 JavaThread "Worker-JM"                         [_thread_blocked, id=14884, stack(0x0000008863000000,0x0000008863100000) (1024K)]
  0x0000020899f49500 JavaThread "JNA Cleaner"                daemon [_thread_blocked, id=6416, stack(0x0000008862f00000,0x0000008863000000) (1024K)]
  0x0000020899f4b5d0 JavaThread "Worker-0: Check JDK Index"         [_thread_blocked, id=10872, stack(0x0000008863100000,0x0000008863200000) (1024K)]
  0x0000020899f49b90 JavaThread "Worker-1: Java indexing... "        [_thread_blocked, id=264, stack(0x0000008863200000,0x0000008863300000) (1024K)]
  0x0000020899f4af40 JavaThread "Worker-2"                          [_thread_blocked, id=2672, stack(0x0000008863300000,0x0000008863400000) (1024K)]
  0x0000020899f4bc60 JavaThread "Java indexing"              daemon [_thread_in_native, id=19488, stack(0x0000008863400000,0x0000008863500000) (1024K)]
  0x0000020899f487e0 JavaThread "Worker-3"                          [_thread_blocked, id=9868, stack(0x0000008863500000,0x0000008863600000) (1024K)]
  0x0000020899f48e70 JavaThread "Worker-4"                          [_thread_blocked, id=10036, stack(0x0000008863600000,0x0000008863700000) (1024K)]
  0x0000020899f4a220 JavaThread "Thread-2"                   daemon [_thread_in_native, id=12700, stack(0x0000008863700000,0x0000008863800000) (1024K)]
  0x000002089a59fed0 JavaThread "Thread-3"                   daemon [_thread_in_native, id=14440, stack(0x0000008863800000,0x0000008863900000) (1024K)]
  0x000002089a5a2cc0 JavaThread "Thread-4"                   daemon [_thread_in_native, id=13892, stack(0x0000008863900000,0x0000008863a00000) (1024K)]
  0x000002089a5a4070 JavaThread "Thread-5"                   daemon [_thread_in_native, id=2804, stack(0x0000008863a00000,0x0000008863b00000) (1024K)]
  0x000002089a5a5ab0 JavaThread "Thread-6"                   daemon [_thread_in_native, id=3588, stack(0x0000008863b00000,0x0000008863c00000) (1024K)]
  0x000002089a59f840 JavaThread "pool-2-thread-1"                   [_thread_blocked, id=15940, stack(0x0000008863c00000,0x0000008863d00000) (1024K)]
  0x000002089a5a0bf0 JavaThread "WorkspaceEventsHandler"            [_thread_blocked, id=3676, stack(0x0000008863d00000,0x0000008863e00000) (1024K)]
  0x000002089a5a4d90 JavaThread "pool-1-thread-1"                   [_thread_blocked, id=17196, stack(0x0000008863e00000,0x0000008863f00000) (1024K)]
  0x000002089a5a3350 JavaThread "Worker-5"                          [_thread_blocked, id=16476, stack(0x0000008863f00000,0x0000008864000000) (1024K)]
  0x000002089a59f1b0 JavaThread "LocalFile Deleter"          daemon [_thread_blocked, id=18912, stack(0x0000008862e00000,0x0000008862f00000) (1024K)]
  0x000002089a5a1280 JavaThread "LocalFile Deleter"          daemon [_thread_blocked, id=11468, stack(0x0000008864000000,0x0000008864100000) (1024K)]
  0x000002089a5a1fa0 JavaThread "LocalFile Deleter"          daemon [_thread_blocked, id=8012, stack(0x0000008864100000,0x0000008864200000) (1024K)]
  0x000002089a5a1910 JavaThread "LocalFile Deleter"          daemon [_thread_blocked, id=20008, stack(0x0000008864200000,0x0000008864300000) (1024K)]
  0x000002089a5a2630 JavaThread "Compiler Source File Reader" daemon [_thread_blocked, id=12644, stack(0x0000008864300000,0x0000008864400000) (1024K)]
  0x000002089a5a39e0 JavaThread "Compiler Processing Task"   daemon [_thread_blocked, id=2904, stack(0x0000008864400000,0x0000008864500000) (1024K)]
  0x000002089a5a5420 JavaThread "Compiler Class File Writer" daemon [_thread_blocked, id=1976, stack(0x0000008864500000,0x0000008864600000) (1024K)]
  0x000002089a59eb20 JavaThread "Compiler Source File Reader" daemon [_thread_blocked, id=15044, stack(0x0000008864600000,0x0000008864700000) (1024K)]
  0x000002089a5a6140 JavaThread "Compiler Class File Writer" daemon [_thread_blocked, id=7044, stack(0x0000008864700000,0x0000008864800000) (1024K)]
Total: 43

Other Threads:
  0x0000020852e4e650 VMThread "VM Thread"                           [id=1520, stack(0x0000008861900000,0x0000008861a00000) (1024K)]
  0x0000020852e0cb20 WatcherThread "VM Periodic Task Thread"        [id=19496, stack(0x0000008861800000,0x0000008861900000) (1024K)]
  0x000002083eb51180 WorkerThread "GC Thread#0"                     [id=10724, stack(0x0000008861700000,0x0000008861800000) (1024K)]
  0x0000020899801530 WorkerThread "GC Thread#1"                     [id=12572, stack(0x0000008862500000,0x0000008862600000) (1024K)]
  0x00000208998020f0 WorkerThread "GC Thread#2"                     [id=19008, stack(0x0000008862600000,0x0000008862700000) (1024K)]
  0x0000020899802490 WorkerThread "GC Thread#3"                     [id=9484, stack(0x0000008862700000,0x0000008862800000) (1024K)]
Total: 6

Threads with active compile tasks:
C2 CompilerThread0  43716 11394   !   4       org.eclipse.jdt.internal.core.search.indexing.BinaryIndexer::indexDocument (1204 bytes)
Total: 1

VM state: not at safepoint (normal execution)

VM Mutex/Monitor currently owned by a thread: None

Heap address: 0x00000000c0000000, size: 1024 MB, Compressed Oops mode: 32-bit

CDS archive(s) mapped at: [0x0000020853000000-0x0000020853ba0000-0x0000020853ba0000), size 12189696, SharedBaseAddress: 0x0000020853000000, ArchiveRelocationMode: 1.
Compressed class space mapped at: 0x0000020854000000-0x0000020894000000, reserved size: 1073741824
Narrow klass base: 0x0000020853000000, Narrow klass shift: 0, Narrow klass range: 0x100000000

GC Precious Log:
 CardTable entry size: 512
 CPUs: 4 total, 4 available
 Memory: 3982M
 Large Page Support: Disabled
 NUMA Support: Disabled
 Compressed Oops: Enabled (32-bit)
 Alignments: Space 512K, Generation 512K, Heap 2M
 Heap Min Capacity: 100M
 Heap Initial Capacity: 100M
 Heap Max Capacity: 1G
 Pre-touch: Disabled
 Parallel Workers: 4

Heap:
 PSYoungGen      total 2560K, used 2427K [0x00000000eab00000, 0x00000000eae00000, 0x0000000100000000)
  eden space 2048K, 95% used [0x00000000eab00000,0x00000000eace6eb8,0x00000000ead00000)
  from space 512K, 93% used [0x00000000ead00000,0x00000000ead78000,0x00000000ead80000)
  to   space 512K, 0% used [0x00000000ead80000,0x00000000ead80000,0x00000000eae00000)
 ParOldGen       total 397824K, used 397475K [0x00000000c0000000, 0x00000000d8480000, 0x00000000eab00000)
  object space 397824K, 99% used [0x00000000c0000000,0x00000000d8428e00,0x00000000d8480000)
 Metaspace       used 59893K, committed 61248K, reserved 1114112K
  class space    used 6221K, committed 6784K, reserved 1048576K

Card table byte_map: [0x000002083e510000,0x000002083e720000] _byte_map_base: 0x000002083df10000

Marking Bits: (ParMarkBitMap*) 0x00007ff936f93260
 Begin Bits: [0x0000020850d30000, 0x0000020851d30000)
 End Bits:   [0x0000020851d30000, 0x0000020852d30000)

Polling page: 0x000002083e300000

Metaspace:

Usage:
  Non-class:     52.41 MB used.
      Class:      6.08 MB used.
       Both:     58.49 MB used.

Virtual space:
  Non-class space:       64.00 MB reserved,      53.19 MB ( 83%) committed,  1 nodes.
      Class space:        1.00 GB reserved,       6.62 MB ( <1%) committed,  1 nodes.
             Both:        1.06 GB reserved,      59.81 MB (  5%) committed. 

Chunk freelists:
   Non-Class:  10.33 MB
       Class:  9.38 MB
        Both:  19.70 MB

MaxMetaspaceSize: unlimited
CompressedClassSpaceSize: 1.00 GB
Initial GC threshold: 21.00 MB
Current GC threshold: 97.31 MB
CDS: on
 - commit_granule_bytes: 65536.
 - commit_granule_words: 8192.
 - virtual_space_node_default_size: 8388608.
 - enlarge_chunks_in_place: 1.
 - use_allocation_guard: 0.


Internal statistics:

num_allocs_failed_limit: 9.
num_arena_births: 1130.
num_arena_deaths: 14.
num_vsnodes_births: 2.
num_vsnodes_deaths: 0.
num_space_committed: 957.
num_space_uncommitted: 0.
num_chunks_returned_to_freelist: 23.
num_chunks_taken_from_freelist: 4018.
num_chunk_merges: 10.
num_chunk_splits: 2412.
num_chunks_enlarged: 1307.
num_inconsistent_stats: 0.

CodeHeap 'non-profiled nmethods': size=120000Kb used=5573Kb max_used=5573Kb free=114426Kb
 bounds [0x0000020849800000, 0x0000020849d80000, 0x0000020850d30000]
CodeHeap 'profiled nmethods': size=120000Kb used=21039Kb max_used=21039Kb free=98960Kb
 bounds [0x0000020841d30000, 0x00000208431c0000, 0x0000020849260000]
CodeHeap 'non-nmethods': size=5760Kb used=1428Kb max_used=1506Kb free=4331Kb
 bounds [0x0000020849260000, 0x00000208494d0000, 0x0000020849800000]
 total_blobs=11384 nmethods=10641 adapters=649
 compilation: enabled
              stopped_count=0, restarted_count=0
 full_count=0

Compilation events (20 events):
Event: 42.968 Thread 0x0000020852e73260 nmethod 11368 0x0000020849d5e890 code [0x0000020849d5f0a0, 0x0000020849d685b0]
Event: 42.971 Thread 0x0000020852e73260 11371       4       org.eclipse.jdt.internal.core.search.indexing.AbstractIndexer::addMethodDeclaration (105 bytes)
Event: 43.016 Thread 0x0000020852e746f0 11416       3       org.eclipse.jdt.internal.core.index.DiskIndex::writeCategoryTable (252 bytes)
Event: 43.017 Thread 0x0000020852e746f0 nmethod 11416 0x0000020843193410 code [0x0000020843193700, 0x00000208431949e0]
Event: 43.018 Thread 0x0000020852e746f0 11417       3       org.eclipse.jdt.internal.core.index.DiskIndex::writeStreamChars (220 bytes)
Event: 43.018 Thread 0x0000020852e746f0 nmethod 11417 0x0000020843195010 code [0x0000020843195220, 0x0000020843195918]
Event: 43.018 Thread 0x0000020852e746f0 11418 %     3       org.eclipse.jdt.internal.core.index.DiskIndex::writeCategoryTable @ 22 (252 bytes)
Event: 43.020 Thread 0x0000020852e746f0 nmethod 11418% 0x0000020843195c10 code [0x0000020843195f20, 0x00000208431974b8]
Event: 43.097 Thread 0x0000020852e73260 nmethod 11371 0x0000020849d6cd90 code [0x0000020849d6d160, 0x0000020849d6fe88]
Event: 43.097 Thread 0x0000020852e73260 11394   !   4       org.eclipse.jdt.internal.core.search.indexing.BinaryIndexer::indexDocument (1204 bytes)
Event: 43.146 Thread 0x0000020852e746f0 11419 % !   3       org.eclipse.jdt.internal.compiler.classfmt.ClassFileReader::<init> @ 802 (2135 bytes)
Event: 43.166 Thread 0x0000020852e746f0 nmethod 11419% 0x0000020843197c10 code [0x0000020843198720, 0x00000208431a2398]
Event: 43.168 Thread 0x0000020852e746f0 11420   !   3       org.eclipse.jdt.internal.compiler.classfmt.ClassFileReader::<init> (2135 bytes)
Event: 43.184 Thread 0x0000020852e746f0 nmethod 11420 0x00000208431a8b10 code [0x00000208431a9600, 0x00000208431b26e0]
Event: 43.371 Thread 0x0000020852e746f0 11422       2       org.eclipse.jdt.internal.compiler.classfmt.MethodInfo::decodeParamAnnotations (125 bytes)
Event: 43.377 Thread 0x0000020852e746f0 nmethod 11422 0x00000208431b8c90 code [0x00000208431b8e60, 0x00000208431b9308]
Event: 43.486 Thread 0x0000020852e746f0 11424       2       org.eclipse.jdt.internal.compiler.classfmt.AnnotationMethodInfo::createAnnotationMethod (575 bytes)
Event: 43.493 Thread 0x0000020852e746f0 nmethod 11424 0x00000208431b9690 code [0x00000208431b9a00, 0x00000208431baf50]
Event: 43.597 Thread 0x0000020852e746f0 11426       2       org.eclipse.jdt.internal.compiler.impl.IntConstant::fromValue (213 bytes)
Event: 43.598 Thread 0x0000020852e746f0 nmethod 11426 0x00000208431bbb90 code [0x00000208431bbdc0, 0x00000208431bc2c8]

GC Heap History (20 events):
Event: 43.409 GC heap before
{Heap before GC invocations=497 (full 3):
 PSYoungGen      total 2560K, used 2444K [0x00000000eab00000, 0x00000000eae00000, 0x0000000100000000)
  eden space 2048K, 100% used [0x00000000eab00000,0x00000000ead00000,0x00000000ead00000)
  from space 512K, 77% used [0x00000000ead00000,0x00000000ead63008,0x00000000ead80000)
  to   space 512K, 0% used [0x00000000ead80000,0x00000000ead80000,0x00000000eae00000)
 ParOldGen       total 395264K, used 394968K [0x00000000c0000000, 0x00000000d8200000, 0x00000000eab00000)
  object space 395264K, 99% used [0x00000000c0000000,0x00000000d81b62f0,0x00000000d8200000)
 Metaspace       used 59892K, committed 61248K, reserved 1114112K
  class space    used 6221K, committed 6784K, reserved 1048576K
}
Event: 43.411 GC heap after
{Heap after GC invocations=497 (full 3):
 PSYoungGen      total 2560K, used 288K [0x00000000eab00000, 0x00000000eae00000, 0x0000000100000000)
  eden space 2048K, 0% used [0x00000000eab00000,0x00000000eab00000,0x00000000ead00000)
  from space 512K, 56% used [0x00000000ead80000,0x00000000eadc8000,0x00000000eae00000)
  to   space 512K, 0% used [0x00000000ead00000,0x00000000ead00000,0x00000000ead80000)
 ParOldGen       total 395776K, used 395300K [0x00000000c0000000, 0x00000000d8280000, 0x00000000eab00000)
  object space 395776K, 99% used [0x00000000c0000000,0x00000000d82092f8,0x00000000d8280000)
 Metaspace       used 59892K, committed 61248K, reserved 1114112K
  class space    used 6221K, committed 6784K, reserved 1048576K
}
Event: 43.430 GC heap before
{Heap before GC invocations=498 (full 3):
 PSYoungGen      total 2560K, used 2330K [0x00000000eab00000, 0x00000000eae00000, 0x0000000100000000)
  eden space 2048K, 99% used [0x00000000eab00000,0x00000000eacfeae8,0x00000000ead00000)
  from space 512K, 56% used [0x00000000ead80000,0x00000000eadc8000,0x00000000eae00000)
  to   space 512K, 0% used [0x00000000ead00000,0x00000000ead00000,0x00000000ead80000)
 ParOldGen       total 395776K, used 395300K [0x00000000c0000000, 0x00000000d8280000, 0x00000000eab00000)
  object space 395776K, 99% used [0x00000000c0000000,0x00000000d82092f8,0x00000000d8280000)
 Metaspace       used 59892K, committed 61248K, reserved 1114112K
  class space    used 6221K, committed 6784K, reserved 1048576K
}
Event: 43.431 GC heap after
{Heap after GC invocations=498 (full 3):
 PSYoungGen      total 2560K, used 320K [0x00000000eab00000, 0x00000000eae00000, 0x0000000100000000)
  eden space 2048K, 0% used [0x00000000eab00000,0x00000000eab00000,0x00000000ead00000)
  from space 512K, 62% used [0x00000000ead00000,0x00000000ead50000,0x00000000ead80000)
  to   space 512K, 0% used [0x00000000ead80000,0x00000000ead80000,0x00000000eae00000)
 ParOldGen       total 395776K, used 395532K [0x00000000c0000000, 0x00000000d8280000, 0x00000000eab00000)
  object space 395776K, 99% used [0x00000000c0000000,0x00000000d82432f8,0x00000000d8280000)
 Metaspace       used 59892K, committed 61248K, reserved 1114112K
  class space    used 6221K, committed 6784K, reserved 1048576K
}
Event: 43.451 GC heap before
{Heap before GC invocations=499 (full 3):
 PSYoungGen      total 2560K, used 2368K [0x00000000eab00000, 0x00000000eae00000, 0x0000000100000000)
  eden space 2048K, 100% used [0x00000000eab00000,0x00000000ead00000,0x00000000ead00000)
  from space 512K, 62% used [0x00000000ead00000,0x00000000ead50000,0x00000000ead80000)
  to   space 512K, 0% used [0x00000000ead80000,0x00000000ead80000,0x00000000eae00000)
 ParOldGen       total 395776K, used 395532K [0x00000000c0000000, 0x00000000d8280000, 0x00000000eab00000)
  object space 395776K, 99% used [0x00000000c0000000,0x00000000d82432f8,0x00000000d8280000)
 Metaspace       used 59892K, committed 61248K, reserved 1114112K
  class space    used 6221K, committed 6784K, reserved 1048576K
}
Event: 43.453 GC heap after
{Heap after GC invocations=499 (full 3):
 PSYoungGen      total 2560K, used 320K [0x00000000eab00000, 0x00000000eae00000, 0x0000000100000000)
  eden space 2048K, 0% used [0x00000000eab00000,0x00000000eab00000,0x00000000ead00000)
  from space 512K, 62% used [0x00000000ead80000,0x00000000eadd0000,0x00000000eae00000)
  to   space 512K, 0% used [0x00000000ead00000,0x00000000ead00000,0x00000000ead80000)
 ParOldGen       total 396288K, used 395796K [0x00000000c0000000, 0x00000000d8300000, 0x00000000eab00000)
  object space 396288K, 99% used [0x00000000c0000000,0x00000000d82852f8,0x00000000d8300000)
 Metaspace       used 59892K, committed 61248K, reserved 1114112K
  class space    used 6221K, committed 6784K, reserved 1048576K
}
Event: 43.469 GC heap before
{Heap before GC invocations=500 (full 3):
 PSYoungGen      total 2560K, used 2368K [0x00000000eab00000, 0x00000000eae00000, 0x0000000100000000)
  eden space 2048K, 100% used [0x00000000eab00000,0x00000000ead00000,0x00000000ead00000)
  from space 512K, 62% used [0x00000000ead80000,0x00000000eadd0000,0x00000000eae00000)
  to   space 512K, 0% used [0x00000000ead00000,0x00000000ead00000,0x00000000ead80000)
 ParOldGen       total 396288K, used 395796K [0x00000000c0000000, 0x00000000d8300000, 0x00000000eab00000)
  object space 396288K, 99% used [0x00000000c0000000,0x00000000d82852f8,0x00000000d8300000)
 Metaspace       used 59892K, committed 61248K, reserved 1114112K
  class space    used 6221K, committed 6784K, reserved 1048576K
}
Event: 43.471 GC heap after
{Heap after GC invocations=500 (full 3):
 PSYoungGen      total 2560K, used 352K [0x00000000eab00000, 0x00000000eae00000, 0x0000000100000000)
  eden space 2048K, 0% used [0x00000000eab00000,0x00000000eab00000,0x00000000ead00000)
  from space 512K, 68% used [0x00000000ead00000,0x00000000ead58000,0x00000000ead80000)
  to   space 512K, 0% used [0x00000000ead80000,0x00000000ead80000,0x00000000eae00000)
 ParOldGen       total 396288K, used 396044K [0x00000000c0000000, 0x00000000d8300000, 0x00000000eab00000)
  object space 396288K, 99% used [0x00000000c0000000,0x00000000d82c32f8,0x00000000d8300000)
 Metaspace       used 59892K, committed 61248K, reserved 1114112K
  class space    used 6221K, committed 6784K, reserved 1048576K
}
Event: 43.491 GC heap before
{Heap before GC invocations=501 (full 3):
 PSYoungGen      total 2560K, used 2400K [0x00000000eab00000, 0x00000000eae00000, 0x0000000100000000)
  eden space 2048K, 100% used [0x00000000eab00000,0x00000000ead00000,0x00000000ead00000)
  from space 512K, 68% used [0x00000000ead00000,0x00000000ead58000,0x00000000ead80000)
  to   space 512K, 0% used [0x00000000ead80000,0x00000000ead80000,0x00000000eae00000)
 ParOldGen       total 396288K, used 396044K [0x00000000c0000000, 0x00000000d8300000, 0x00000000eab00000)
  object space 396288K, 99% used [0x00000000c0000000,0x00000000d82c32f8,0x00000000d8300000)
 Metaspace       used 59893K, committed 61248K, reserved 1114112K
  class space    used 6221K, committed 6784K, reserved 1048576K
}
Event: 43.493 GC heap after
{Heap after GC invocations=501 (full 3):
 PSYoungGen      total 2560K, used 256K [0x00000000eab00000, 0x00000000eae00000, 0x0000000100000000)
  eden space 2048K, 0% used [0x00000000eab00000,0x00000000eab00000,0x00000000ead00000)
  from space 512K, 50% used [0x00000000ead80000,0x00000000eadc0000,0x00000000eae00000)
  to   space 512K, 0% used [0x00000000ead00000,0x00000000ead00000,0x00000000ead80000)
 ParOldGen       total 396800K, used 396307K [0x00000000c0000000, 0x00000000d8380000, 0x00000000eab00000)
  object space 396800K, 99% used [0x00000000c0000000,0x00000000d8304e00,0x00000000d8380000)
 Metaspace       used 59893K, committed 61248K, reserved 1114112K
  class space    used 6221K, committed 6784K, reserved 1048576K
}
Event: 43.508 GC heap before
{Heap before GC invocations=502 (full 3):
 PSYoungGen      total 2560K, used 2304K [0x00000000eab00000, 0x00000000eae00000, 0x0000000100000000)
  eden space 2048K, 100% used [0x00000000eab00000,0x00000000ead00000,0x00000000ead00000)
  from space 512K, 50% used [0x00000000ead80000,0x00000000eadc0000,0x00000000eae00000)
  to   space 512K, 0% used [0x00000000ead00000,0x00000000ead00000,0x00000000ead80000)
 ParOldGen       total 396800K, used 396307K [0x00000000c0000000, 0x00000000d8380000, 0x00000000eab00000)
  object space 396800K, 99% used [0x00000000c0000000,0x00000000d8304e00,0x00000000d8380000)
 Metaspace       used 59893K, committed 61248K, reserved 1114112K
  class space    used 6221K, committed 6784K, reserved 1048576K
}
Event: 43.511 GC heap after
{Heap after GC invocations=502 (full 3):
 PSYoungGen      total 2560K, used 320K [0x00000000eab00000, 0x00000000eae00000, 0x0000000100000000)
  eden space 2048K, 0% used [0x00000000eab00000,0x00000000eab00000,0x00000000ead00000)
  from space 512K, 62% used [0x00000000ead00000,0x00000000ead50000,0x00000000ead80000)
  to   space 512K, 0% used [0x00000000ead80000,0x00000000ead80000,0x00000000eae00000)
 ParOldGen       total 396800K, used 396547K [0x00000000c0000000, 0x00000000d8380000, 0x00000000eab00000)
  object space 396800K, 99% used [0x00000000c0000000,0x00000000d8340e00,0x00000000d8380000)
 Metaspace       used 59893K, committed 61248K, reserved 1114112K
  class space    used 6221K, committed 6784K, reserved 1048576K
}
Event: 43.527 GC heap before
{Heap before GC invocations=503 (full 3):
 PSYoungGen      total 2560K, used 2368K [0x00000000eab00000, 0x00000000eae00000, 0x0000000100000000)
  eden space 2048K, 100% used [0x00000000eab00000,0x00000000ead00000,0x00000000ead00000)
  from space 512K, 62% used [0x00000000ead00000,0x00000000ead50000,0x00000000ead80000)
  to   space 512K, 0% used [0x00000000ead80000,0x00000000ead80000,0x00000000eae00000)
 ParOldGen       total 396800K, used 396547K [0x00000000c0000000, 0x00000000d8380000, 0x00000000eab00000)
  object space 396800K, 99% used [0x00000000c0000000,0x00000000d8340e00,0x00000000d8380000)
 Metaspace       used 59893K, committed 61248K, reserved 1114112K
  class space    used 6221K, committed 6784K, reserved 1048576K
}
Event: 43.530 GC heap after
{Heap after GC invocations=503 (full 3):
 PSYoungGen      total 2560K, used 288K [0x00000000eab00000, 0x00000000eae00000, 0x0000000100000000)
  eden space 2048K, 0% used [0x00000000eab00000,0x00000000eab00000,0x00000000ead00000)
  from space 512K, 56% used [0x00000000ead80000,0x00000000eadc8000,0x00000000eae00000)
  to   space 512K, 0% used [0x00000000ead00000,0x00000000ead00000,0x00000000ead80000)
 ParOldGen       total 397312K, used 396803K [0x00000000c0000000, 0x00000000d8400000, 0x00000000eab00000)
  object space 397312K, 99% used [0x00000000c0000000,0x00000000d8380e00,0x00000000d8400000)
 Metaspace       used 59893K, committed 61248K, reserved 1114112K
  class space    used 6221K, committed 6784K, reserved 1048576K
}
Event: 43.562 GC heap before
{Heap before GC invocations=504 (full 3):
 PSYoungGen      total 2560K, used 2336K [0x00000000eab00000, 0x00000000eae00000, 0x0000000100000000)
  eden space 2048K, 100% used [0x00000000eab00000,0x00000000ead00000,0x00000000ead00000)
  from space 512K, 56% used [0x00000000ead80000,0x00000000eadc8000,0x00000000eae00000)
  to   space 512K, 0% used [0x00000000ead00000,0x00000000ead00000,0x00000000ead80000)
 ParOldGen       total 397312K, used 396803K [0x00000000c0000000, 0x00000000d8400000, 0x00000000eab00000)
  object space 397312K, 99% used [0x00000000c0000000,0x00000000d8380e00,0x00000000d8400000)
 Metaspace       used 59893K, committed 61248K, reserved 1114112K
  class space    used 6221K, committed 6784K, reserved 1048576K
}
Event: 43.565 GC heap after
{Heap after GC invocations=504 (full 3):
 PSYoungGen      total 2560K, used 256K [0x00000000eab00000, 0x00000000eae00000, 0x0000000100000000)
  eden space 2048K, 0% used [0x00000000eab00000,0x00000000eab00000,0x00000000ead00000)
  from space 512K, 50% used [0x00000000ead00000,0x00000000ead40000,0x00000000ead80000)
  to   space 512K, 0% used [0x00000000ead80000,0x00000000ead80000,0x00000000eae00000)
 ParOldGen       total 397312K, used 397043K [0x00000000c0000000, 0x00000000d8400000, 0x00000000eab00000)
  object space 397312K, 99% used [0x00000000c0000000,0x00000000d83bce00,0x00000000d8400000)
 Metaspace       used 59893K, committed 61248K, reserved 1114112K
  class space    used 6221K, committed 6784K, reserved 1048576K
}
Event: 43.581 GC heap before
{Heap before GC invocations=505 (full 3):
 PSYoungGen      total 2560K, used 2304K [0x00000000eab00000, 0x00000000eae00000, 0x0000000100000000)
  eden space 2048K, 100% used [0x00000000eab00000,0x00000000ead00000,0x00000000ead00000)
  from space 512K, 50% used [0x00000000ead00000,0x00000000ead40000,0x00000000ead80000)
  to   space 512K, 0% used [0x00000000ead80000,0x00000000ead80000,0x00000000eae00000)
 ParOldGen       total 397312K, used 397043K [0x00000000c0000000, 0x00000000d8400000, 0x00000000eab00000)
  object space 397312K, 99% used [0x00000000c0000000,0x00000000d83bce00,0x00000000d8400000)
 Metaspace       used 59893K, committed 61248K, reserved 1114112K
  class space    used 6221K, committed 6784K, reserved 1048576K
}
Event: 43.584 GC heap after
{Heap after GC invocations=505 (full 3):
 PSYoungGen      total 2560K, used 438K [0x00000000eab00000, 0x00000000eae00000, 0x0000000100000000)
  eden space 2048K, 0% used [0x00000000eab00000,0x00000000eab00000,0x00000000ead00000)
  from space 512K, 85% used [0x00000000ead80000,0x00000000eadeda08,0x00000000eae00000)
  to   space 512K, 0% used [0x00000000ead00000,0x00000000ead00000,0x00000000ead80000)
 ParOldGen       total 397312K, used 397275K [0x00000000c0000000, 0x00000000d8400000, 0x00000000eab00000)
  object space 397312K, 99% used [0x00000000c0000000,0x00000000d83f6e00,0x00000000d8400000)
 Metaspace       used 59893K, committed 61248K, reserved 1114112K
  class space    used 6221K, committed 6784K, reserved 1048576K
}
Event: 43.611 GC heap before
{Heap before GC invocations=506 (full 3):
 PSYoungGen      total 2560K, used 2486K [0x00000000eab00000, 0x00000000eae00000, 0x0000000100000000)
  eden space 2048K, 100% used [0x00000000eab00000,0x00000000ead00000,0x00000000ead00000)
  from space 512K, 85% used [0x00000000ead80000,0x00000000eadeda08,0x00000000eae00000)
  to   space 512K, 0% used [0x00000000ead00000,0x00000000ead00000,0x00000000ead80000)
 ParOldGen       total 397312K, used 397275K [0x00000000c0000000, 0x00000000d8400000, 0x00000000eab00000)
  object space 397312K, 99% used [0x00000000c0000000,0x00000000d83f6e00,0x00000000d8400000)
 Metaspace       used 59893K, committed 61248K, reserved 1114112K
  class space    used 6221K, committed 6784K, reserved 1048576K
}
Event: 43.614 GC heap after
{Heap after GC invocations=506 (full 3):
 PSYoungGen      total 2560K, used 480K [0x00000000eab00000, 0x00000000eae00000, 0x0000000100000000)
  eden space 2048K, 0% used [0x00000000eab00000,0x00000000eab00000,0x00000000ead00000)
  from space 512K, 93% used [0x00000000ead00000,0x00000000ead78000,0x00000000ead80000)
  to   space 512K, 0% used [0x00000000ead80000,0x00000000ead80000,0x00000000eae00000)
 ParOldGen       total 397824K, used 397475K [0x00000000c0000000, 0x00000000d8480000, 0x00000000eab00000)
  object space 397824K, 99% used [0x00000000c0000000,0x00000000d8428e00,0x00000000d8480000)
 Metaspace       used 59893K, committed 61248K, reserved 1114112K
  class space    used 6221K, committed 6784K, reserved 1048576K
}

Dll operation events (10 events):
Event: 0.034 Loaded shared library c:\Users\user\.vscode\extensions\redhat.java-1.41.1-win32-x64\jre\21.0.6-win32-x86_64\bin\java.dll
Event: 0.106 Loaded shared library c:\Users\user\.vscode\extensions\redhat.java-1.41.1-win32-x64\jre\21.0.6-win32-x86_64\bin\zip.dll
Event: 0.305 Loaded shared library C:\Users\user\.vscode\extensions\redhat.java-1.41.1-win32-x64\jre\21.0.6-win32-x86_64\bin\instrument.dll
Event: 0.315 Loaded shared library C:\Users\user\.vscode\extensions\redhat.java-1.41.1-win32-x64\jre\21.0.6-win32-x86_64\bin\net.dll
Event: 0.319 Loaded shared library C:\Users\user\.vscode\extensions\redhat.java-1.41.1-win32-x64\jre\21.0.6-win32-x86_64\bin\nio.dll
Event: 0.322 Loaded shared library C:\Users\user\.vscode\extensions\redhat.java-1.41.1-win32-x64\jre\21.0.6-win32-x86_64\bin\zip.dll
Event: 0.357 Loaded shared library C:\Users\user\.vscode\extensions\redhat.java-1.41.1-win32-x64\jre\21.0.6-win32-x86_64\bin\jimage.dll
Event: 0.522 Loaded shared library c:\Users\user\.vscode\extensions\redhat.java-1.41.1-win32-x64\jre\21.0.6-win32-x86_64\bin\verify.dll
Event: 4.789 Loaded shared library C:\Users\user\AppData\Roaming\Code\User\globalStorage\redhat.java\1.41.1\config_win\org.eclipse.equinox.launcher\org.eclipse.equinox.launcher.win32.win32.x86_64_1.2.1300.v20250331-1702\eclipse_11911.dll
Event: 8.921 Loaded shared library C:\Users\user\AppData\Local\Temp\jna-3599307\jna16520186712598320306.dll

Deoptimization events (20 events):
Event: 43.433 Thread 0x0000020899f4bc60 DEOPT PACKING pc=0x00000208431b071a sp=0x00000088634feba0
Event: 43.433 Thread 0x0000020899f4bc60 DEOPT UNPACKING pc=0x00000208492b4242 sp=0x00000088634fe128 mode 0
Event: 43.465 Thread 0x0000020899f4bc60 DEOPT PACKING pc=0x00000208428116ef sp=0x00000088634feaa0
Event: 43.465 Thread 0x0000020899f4bc60 DEOPT UNPACKING pc=0x00000208492b4242 sp=0x00000088634fdf28 mode 0
Event: 43.481 Thread 0x0000020899f4bc60 DEOPT PACKING pc=0x000002084282479a sp=0x00000088634febc0
Event: 43.481 Thread 0x0000020899f4bc60 DEOPT UNPACKING pc=0x00000208492b4242 sp=0x00000088634fdfc8 mode 0
Event: 43.495 Thread 0x0000020899f4bc60 DEOPT PACKING pc=0x00000208428116ef sp=0x00000088634feb00
Event: 43.495 Thread 0x0000020899f4bc60 DEOPT UNPACKING pc=0x00000208492b4242 sp=0x00000088634fdf88 mode 0
Event: 43.499 Thread 0x0000020899f4bc60 DEOPT PACKING pc=0x00000208431b071a sp=0x00000088634feba0
Event: 43.499 Thread 0x0000020899f4bc60 DEOPT UNPACKING pc=0x00000208492b4242 sp=0x00000088634fe128 mode 0
Event: 43.519 Thread 0x0000020899f4bc60 DEOPT PACKING pc=0x000002084282479a sp=0x00000088634febe0
Event: 43.519 Thread 0x0000020899f4bc60 DEOPT UNPACKING pc=0x00000208492b4242 sp=0x00000088634fdff8 mode 0
Event: 43.526 Thread 0x0000020899f4bc60 DEOPT PACKING pc=0x00000208428116ef sp=0x00000088634feb00
Event: 43.526 Thread 0x0000020899f4bc60 DEOPT UNPACKING pc=0x00000208492b4242 sp=0x00000088634fdf88 mode 0
Event: 43.576 Thread 0x0000020899f4bc60 DEOPT PACKING pc=0x00000208428116ef sp=0x00000088634feb00
Event: 43.576 Thread 0x0000020899f4bc60 DEOPT UNPACKING pc=0x00000208492b4242 sp=0x00000088634fdf88 mode 0
Event: 43.586 Thread 0x0000020899f4bc60 DEOPT PACKING pc=0x00000208431b071a sp=0x00000088634feba0
Event: 43.586 Thread 0x0000020899f4bc60 DEOPT UNPACKING pc=0x00000208492b4242 sp=0x00000088634fe128 mode 0
Event: 43.589 Thread 0x0000020899f4bc60 DEOPT PACKING pc=0x000002084282479a sp=0x00000088634febc0
Event: 43.589 Thread 0x0000020899f4bc60 DEOPT UNPACKING pc=0x00000208492b4242 sp=0x00000088634fdfc8 mode 0

Classes loaded (20 events):
Event: 34.516 Loading class sun/util/locale/provider/TimeZoneNameProviderImpl done
Event: 34.516 Loading class sun/util/cldr/CLDRTimeZoneNameProviderImpl done
Event: 34.522 Loading class sun/util/resources/cldr/TimeZoneNames
Event: 34.524 Loading class sun/util/resources/TimeZoneNamesBundle
Event: 34.525 Loading class sun/util/resources/OpenListResourceBundle
Event: 34.526 Loading class sun/util/resources/OpenListResourceBundle done
Event: 34.526 Loading class sun/util/resources/TimeZoneNamesBundle done
Event: 34.526 Loading class sun/util/resources/cldr/TimeZoneNames done
Event: 34.526 Loading class sun/util/resources/cldr/TimeZoneNames_en
Event: 34.530 Loading class sun/util/resources/cldr/TimeZoneNames_en done
Event: 34.530 Loading class sun/util/resources/cldr/TimeZoneNames_en_US
Event: 34.531 Loading class sun/util/resources/cldr/TimeZoneNames_en_US done
Event: 34.538 Loading class sun/util/cldr/CLDRBaseLocaleDataMetaInfo$TZCanonicalIDMapHolder
Event: 34.544 Loading class sun/util/cldr/CLDRBaseLocaleDataMetaInfo$TZCanonicalIDMapHolder done
Event: 34.546 Loading class sun/util/resources/TimeZoneNames
Event: 34.551 Loading class sun/util/resources/TimeZoneNames done
Event: 34.551 Loading class sun/util/resources/TimeZoneNames_en
Event: 34.579 Loading class sun/util/resources/TimeZoneNames_en done
Event: 42.020 Loading class sun/nio/fs/WindowsFileCopy
Event: 42.026 Loading class sun/nio/fs/WindowsFileCopy done

Classes unloaded (7 events):
Event: 10.449 Thread 0x0000020852e4e650 Unloading class 0x0000020854194800 'java/lang/invoke/LambdaForm$MH+0x0000020854194800'
Event: 10.449 Thread 0x0000020852e4e650 Unloading class 0x0000020854194400 'java/lang/invoke/LambdaForm$MH+0x0000020854194400'
Event: 10.449 Thread 0x0000020852e4e650 Unloading class 0x0000020854194000 'java/lang/invoke/LambdaForm$MH+0x0000020854194000'
Event: 10.449 Thread 0x0000020852e4e650 Unloading class 0x0000020854193c00 'java/lang/invoke/LambdaForm$MH+0x0000020854193c00'
Event: 10.449 Thread 0x0000020852e4e650 Unloading class 0x0000020854193800 'java/lang/invoke/LambdaForm$BMH+0x0000020854193800'
Event: 10.449 Thread 0x0000020852e4e650 Unloading class 0x0000020854193400 'java/lang/invoke/LambdaForm$DMH+0x0000020854193400'
Event: 10.449 Thread 0x0000020852e4e650 Unloading class 0x0000020854192400 'java/lang/invoke/LambdaForm$DMH+0x0000020854192400'

Classes redefined (0 events):
No events

Internal exceptions (20 events):
Event: 29.976 Thread 0x0000020899f48e70 Exception <a 'sun/nio/fs/WindowsException'{0x00000000eaf443e0}> (0x00000000eaf443e0) 
thrown [s\src\hotspot\share\prims\jni.cpp, line 520]
Event: 32.118 Thread 0x0000020899f48e70 Exception <a 'sun/nio/fs/WindowsException'{0x00000000eaef0808}> (0x00000000eaef0808) 
thrown [s\src\hotspot\share\prims\jni.cpp, line 520]
Event: 32.119 Thread 0x0000020899f48e70 Exception <a 'sun/nio/fs/WindowsException'{0x00000000eaf3a968}> (0x00000000eaf3a968) 
thrown [s\src\hotspot\share\prims\jni.cpp, line 520]
Event: 32.119 Thread 0x0000020899f48e70 Exception <a 'sun/nio/fs/WindowsException'{0x00000000eaf3b958}> (0x00000000eaf3b958) 
thrown [s\src\hotspot\share\prims\jni.cpp, line 520]
Event: 32.119 Thread 0x0000020899f48e70 Exception <a 'sun/nio/fs/WindowsException'{0x00000000eaf3c1a8}> (0x00000000eaf3c1a8) 
thrown [s\src\hotspot\share\prims\jni.cpp, line 520]
Event: 32.126 Thread 0x0000020899f48e70 Exception <a 'sun/nio/fs/WindowsException'{0x00000000eab00c98}> (0x00000000eab00c98) 
thrown [s\src\hotspot\share\prims\jni.cpp, line 520]
Event: 32.126 Thread 0x0000020899f48e70 Exception <a 'sun/nio/fs/WindowsException'{0x00000000eab014e8}> (0x00000000eab014e8) 
thrown [s\src\hotspot\share\prims\jni.cpp, line 520]
Event: 32.135 Thread 0x0000020899f48e70 Exception <a 'sun/nio/fs/WindowsException'{0x00000000eac6e068}> (0x00000000eac6e068) 
thrown [s\src\hotspot\share\prims\jni.cpp, line 520]
Event: 32.135 Thread 0x0000020899f48e70 Exception <a 'sun/nio/fs/WindowsException'{0x00000000eac6eb68}> (0x00000000eac6eb68) 
thrown [s\src\hotspot\share\prims\jni.cpp, line 520]
Event: 32.313 Thread 0x0000020899f48e70 Exception <a 'sun/nio/fs/WindowsException'{0x00000000eac7a468}> (0x00000000eac7a468) 
thrown [s\src\hotspot\share\prims\jni.cpp, line 520]
Event: 32.313 Thread 0x0000020899f48e70 Exception <a 'sun/nio/fs/WindowsException'{0x00000000eacbe270}> (0x00000000eacbe270) 
thrown [s\src\hotspot\share\prims\jni.cpp, line 520]
Event: 32.314 Thread 0x0000020899f48e70 Exception <a 'sun/nio/fs/WindowsException'{0x00000000eacbf260}> (0x00000000eacbf260) 
thrown [s\src\hotspot\share\prims\jni.cpp, line 520]
Event: 32.314 Thread 0x0000020899f48e70 Exception <a 'sun/nio/fs/WindowsException'{0x00000000eacbfab0}> (0x00000000eacbfab0) 
thrown [s\src\hotspot\share\prims\jni.cpp, line 520]
Event: 32.315 Thread 0x0000020899f48e70 Exception <a 'sun/nio/fs/WindowsException'{0x00000000eacea0c0}> (0x00000000eacea0c0) 
thrown [s\src\hotspot\share\prims\jni.cpp, line 520]
Event: 32.315 Thread 0x0000020899f48e70 Exception <a 'sun/nio/fs/WindowsException'{0x00000000eacea910}> (0x00000000eacea910) 
thrown [s\src\hotspot\share\prims\jni.cpp, line 520]
Event: 32.322 Thread 0x0000020899f48e70 Exception <a 'sun/nio/fs/WindowsException'{0x00000000eae4ac30}> (0x00000000eae4ac30) 
thrown [s\src\hotspot\share\prims\jni.cpp, line 520]
Event: 32.323 Thread 0x0000020899f48e70 Exception <a 'sun/nio/fs/WindowsException'{0x00000000eae4b730}> (0x00000000eae4b730) 
thrown [s\src\hotspot\share\prims\jni.cpp, line 520]
Event: 42.026 Thread 0x0000020899f4bc60 Exception <a 'sun/nio/fs/WindowsException'{0x00000000eac48950}> (0x00000000eac48950) 
thrown [s\src\hotspot\share\prims\jni.cpp, line 520]
Event: 42.127 Thread 0x0000020899f4bc60 Exception <a 'sun/nio/fs/WindowsException'{0x00000000eac72718}> (0x00000000eac72718) 
thrown [s\src\hotspot\share\prims\jni.cpp, line 520]
Event: 43.128 Thread 0x0000020899f4bc60 Exception <a 'sun/nio/fs/WindowsException'{0x00000000eab5a6e8}> (0x00000000eab5a6e8) 
thrown [s\src\hotspot\share\prims\jni.cpp, line 520]

ZGC Phase Switch (0 events):
No events

VM Operations (20 events):
Event: 43.409 Executing VM operation: ParallelGCFailedAllocation (Allocation Failure)
Event: 43.411 Executing VM operation: ParallelGCFailedAllocation (Allocation Failure) done
Event: 43.430 Executing VM operation: ParallelGCFailedAllocation (Allocation Failure)
Event: 43.431 Executing VM operation: ParallelGCFailedAllocation (Allocation Failure) done
Event: 43.451 Executing VM operation: ParallelGCFailedAllocation (Allocation Failure)
Event: 43.453 Executing VM operation: ParallelGCFailedAllocation (Allocation Failure) done
Event: 43.469 Executing VM operation: ParallelGCFailedAllocation (Allocation Failure)
Event: 43.471 Executing VM operation: ParallelGCFailedAllocation (Allocation Failure) done
Event: 43.491 Executing VM operation: ParallelGCFailedAllocation (Allocation Failure)
Event: 43.493 Executing VM operation: ParallelGCFailedAllocation (Allocation Failure) done
Event: 43.508 Executing VM operation: ParallelGCFailedAllocation (Allocation Failure)
Event: 43.511 Executing VM operation: ParallelGCFailedAllocation (Allocation Failure) done
Event: 43.527 Executing VM operation: ParallelGCFailedAllocation (Allocation Failure)
Event: 43.530 Executing VM operation: ParallelGCFailedAllocation (Allocation Failure) done
Event: 43.562 Executing VM operation: ParallelGCFailedAllocation (Allocation Failure)
Event: 43.565 Executing VM operation: ParallelGCFailedAllocation (Allocation Failure) done
Event: 43.581 Executing VM operation: ParallelGCFailedAllocation (Allocation Failure)
Event: 43.584 Executing VM operation: ParallelGCFailedAllocation (Allocation Failure) done
Event: 43.611 Executing VM operation: ParallelGCFailedAllocation (Allocation Failure)
Event: 43.614 Executing VM operation: ParallelGCFailedAllocation (Allocation Failure) done

Memory protections (0 events):
No events

Nmethod flushes (20 events):
Event: 29.303 Thread 0x0000020852e4e650 flushing  nmethod 0x000002084268c010
Event: 29.303 Thread 0x0000020852e4e650 flushing  nmethod 0x000002084268c410
Event: 29.303 Thread 0x0000020852e4e650 flushing  nmethod 0x0000020842690c90
Event: 29.303 Thread 0x0000020852e4e650 flushing  nmethod 0x0000020842691090
Event: 29.303 Thread 0x0000020852e4e650 flushing  nmethod 0x0000020842693a90
Event: 29.303 Thread 0x0000020852e4e650 flushing  nmethod 0x0000020842699010
Event: 29.303 Thread 0x0000020852e4e650 flushing  nmethod 0x00000208426a3c10
Event: 29.303 Thread 0x0000020852e4e650 flushing  nmethod 0x00000208426a4c10
Event: 29.303 Thread 0x0000020852e4e650 flushing  nmethod 0x00000208426a5090
Event: 29.303 Thread 0x0000020852e4e650 flushing  nmethod 0x00000208426a5b90
Event: 29.303 Thread 0x0000020852e4e650 flushing  nmethod 0x00000208426a7910
Event: 29.303 Thread 0x0000020852e4e650 flushing  nmethod 0x00000208426a7e90
Event: 29.303 Thread 0x0000020852e4e650 flushing  nmethod 0x00000208426a8210
Event: 29.303 Thread 0x0000020852e4e650 flushing  nmethod 0x00000208426ad410
Event: 29.303 Thread 0x0000020852e4e650 flushing  nmethod 0x00000208426af010
Event: 29.303 Thread 0x0000020852e4e650 flushing  nmethod 0x00000208426bd990
Event: 29.303 Thread 0x0000020852e4e650 flushing  nmethod 0x00000208426db110
Event: 29.303 Thread 0x0000020852e4e650 flushing  nmethod 0x00000208426e1690
Event: 29.303 Thread 0x0000020852e4e650 flushing  nmethod 0x00000208426e1e90
Event: 29.303 Thread 0x0000020852e4e650 flushing  nmethod 0x00000208426e2490

Events (20 events):
Event: 24.814 Thread 0x0000020899f48e70 Thread added: 0x000002089abbe360
Event: 24.814 Thread 0x0000020899f48e70 Thread added: 0x000002089abc0430
Event: 24.815 Thread 0x0000020899f48e70 Thread added: 0x000002089abbcfb0
Event: 25.450 Thread 0x000002089abbcfb0 Thread exited: 0x000002089abbcfb0
Event: 25.451 Thread 0x000002089abbbc00 Thread exited: 0x000002089abbbc00
Event: 25.451 Thread 0x000002089abbe360 Thread exited: 0x000002089abbe360
Event: 25.451 Thread 0x000002089abc0430 Thread exited: 0x000002089abc0430
Event: 25.451 Thread 0x000002089abbc920 Thread exited: 0x000002089abbc920
Event: 27.212 Thread 0x0000020899f48e70 Thread added: 0x000002089b4da910
Event: 27.212 Thread 0x0000020899f48e70 Thread added: 0x000002089b4dc9e0
Event: 27.212 Thread 0x0000020899f48e70 Thread added: 0x000002089b4dd070
Event: 27.212 Thread 0x0000020899f48e70 Thread added: 0x000002089b4d9bf0
Event: 27.213 Thread 0x0000020899f48e70 Thread added: 0x000002089b4dafa0
Event: 27.327 Thread 0x000002089b4da910 Thread exited: 0x000002089b4da910
Event: 27.328 Thread 0x000002089b4dd070 Thread exited: 0x000002089b4dd070
Event: 27.329 Thread 0x000002089b4dafa0 Thread exited: 0x000002089b4dafa0
Event: 27.329 Thread 0x000002089b4d9bf0 Thread exited: 0x000002089b4d9bf0
Event: 27.329 Thread 0x000002089b4dc9e0 Thread exited: 0x000002089b4dc9e0
Event: 29.956 Thread 0x0000020899f48e70 Thread added: 0x00000208a904bb00
Event: 34.965 Thread 0x00000208a904bb00 Thread exited: 0x00000208a904bb00


Dynamic libraries:
0x00007ff775780000 - 0x00007ff77578e000 	c:\Users\user\.vscode\extensions\redhat.java-1.41.1-win32-x64\jre\21.0.6-win32-x86_64\bin\java.exe
0x00007ff9c35f0000 - 0x00007ff9c37e8000 	C:\WINDOWS\SYSTEM32\ntdll.dll
0x00007ff9c1880000 - 0x00007ff9c1942000 	C:\WINDOWS\System32\KERNEL32.DLL
0x00007ff9c0c80000 - 0x00007ff9c0f76000 	C:\WINDOWS\System32\KERNELBASE.dll
0x00007ff9c1380000 - 0x00007ff9c1480000 	C:\WINDOWS\System32\ucrtbase.dll
0x00007ff9995f0000 - 0x00007ff999608000 	c:\Users\user\.vscode\extensions\redhat.java-1.41.1-win32-x64\jre\21.0.6-win32-x86_64\bin\jli.dll
0x00007ff9c1610000 - 0x00007ff9c17ad000 	C:\WINDOWS\System32\USER32.dll
0x00007ff9c12d0000 - 0x00007ff9c12f2000 	C:\WINDOWS\System32\win32u.dll
0x00007ff9c33a0000 - 0x00007ff9c33cb000 	C:\WINDOWS\System32\GDI32.dll
0x00007ff9c1020000 - 0x00007ff9c113a000 	C:\WINDOWS\System32\gdi32full.dll
0x00007ff9c0f80000 - 0x00007ff9c101d000 	C:\WINDOWS\System32\msvcp_win.dll
0x00007ff9991d0000 - 0x00007ff9991ee000 	c:\Users\user\.vscode\extensions\redhat.java-1.41.1-win32-x64\jre\21.0.6-win32-x86_64\bin\VCRUNTIME140.dll
0x00007ff9abb90000 - 0x00007ff9abe2a000 	C:\WINDOWS\WinSxS\amd64_microsoft.windows.common-controls_6595b64144ccf1df_6.0.19041.4355_none_60b8b9eb71f62e16\COMCTL32.dll
0x00007ff9c17e0000 - 0x00007ff9c187e000 	C:\WINDOWS\System32\msvcrt.dll
0x00007ff9c17b0000 - 0x00007ff9c17df000 	C:\WINDOWS\System32\IMM32.DLL
0x00007ff9bbc00000 - 0x00007ff9bbc0c000 	c:\Users\user\.vscode\extensions\redhat.java-1.41.1-win32-x64\jre\21.0.6-win32-x86_64\bin\vcruntime140_1.dll
0x00007ff988d20000 - 0x00007ff988dad000 	c:\Users\user\.vscode\extensions\redhat.java-1.41.1-win32-x64\jre\21.0.6-win32-x86_64\bin\msvcp140.dll
0x00007ff9362e0000 - 0x00007ff937070000 	c:\Users\user\.vscode\extensions\redhat.java-1.41.1-win32-x64\jre\21.0.6-win32-x86_64\bin\server\jvm.dll
0x00007ff9c33d0000 - 0x00007ff9c347f000 	C:\WINDOWS\System32\ADVAPI32.dll
0x00007ff9c3480000 - 0x00007ff9c351f000 	C:\WINDOWS\System32\sechost.dll
0x00007ff9c19d0000 - 0x00007ff9c1af3000 	C:\WINDOWS\System32\RPCRT4.dll
0x00007ff9c15e0000 - 0x00007ff9c1607000 	C:\WINDOWS\System32\bcrypt.dll
0x00007ff9c1950000 - 0x00007ff9c19bb000 	C:\WINDOWS\System32\WS2_32.dll
0x00007ff9c0200000 - 0x00007ff9c024b000 	C:\WINDOWS\SYSTEM32\POWRPROF.dll
0x00007ff9ab200000 - 0x00007ff9ab227000 	C:\WINDOWS\SYSTEM32\WINMM.dll
0x00007ff9b76e0000 - 0x00007ff9b76ea000 	C:\WINDOWS\SYSTEM32\VERSION.dll
0x00007ff9c0080000 - 0x00007ff9c0092000 	C:\WINDOWS\SYSTEM32\UMPDC.dll
0x00007ff9bf4d0000 - 0x00007ff9bf4e2000 	C:\WINDOWS\SYSTEM32\kernel.appcore.dll
0x00007ff9bbb80000 - 0x00007ff9bbb8a000 	c:\Users\user\.vscode\extensions\redhat.java-1.41.1-win32-x64\jre\21.0.6-win32-x86_64\bin\jimage.dll
0x00007ff9bf170000 - 0x00007ff9bf354000 	C:\WINDOWS\SYSTEM32\DBGHELP.DLL
0x00007ff9a3b40000 - 0x00007ff9a3b74000 	C:\WINDOWS\SYSTEM32\dbgcore.DLL
0x00007ff9c1190000 - 0x00007ff9c1212000 	C:\WINDOWS\System32\bcryptPrimitives.dll
0x00007ff9a9ce0000 - 0x00007ff9a9cef000 	c:\Users\user\.vscode\extensions\redhat.java-1.41.1-win32-x64\jre\21.0.6-win32-x86_64\bin\instrument.dll
0x00007ff994800000 - 0x00007ff99481f000 	c:\Users\user\.vscode\extensions\redhat.java-1.41.1-win32-x64\jre\21.0.6-win32-x86_64\bin\java.dll
0x00007ff9c2bd0000 - 0x00007ff9c333f000 	C:\WINDOWS\System32\SHELL32.dll
0x00007ff9be8f0000 - 0x00007ff9bf093000 	C:\WINDOWS\SYSTEM32\windows.storage.dll
0x00007ff9c2870000 - 0x00007ff9c2bc5000 	C:\WINDOWS\System32\combase.dll
0x00007ff9c06b0000 - 0x00007ff9c06db000 	C:\WINDOWS\SYSTEM32\Wldp.dll
0x00007ff9c1f60000 - 0x00007ff9c202d000 	C:\WINDOWS\System32\OLEAUT32.dll
0x00007ff9c1b10000 - 0x00007ff9c1bbd000 	C:\WINDOWS\System32\SHCORE.dll
0x00007ff9c3340000 - 0x00007ff9c3395000 	C:\WINDOWS\System32\shlwapi.dll
0x00007ff9c0bb0000 - 0x00007ff9c0bd5000 	C:\WINDOWS\SYSTEM32\profapi.dll
0x00007ff994390000 - 0x00007ff9943a8000 	c:\Users\user\.vscode\extensions\redhat.java-1.41.1-win32-x64\jre\21.0.6-win32-x86_64\bin\zip.dll
0x00007ff9a87e0000 - 0x00007ff9a87f0000 	C:\Users\user\.vscode\extensions\redhat.java-1.41.1-win32-x64\jre\21.0.6-win32-x86_64\bin\net.dll
0x00007ff9b73d0000 - 0x00007ff9b74da000 	C:\WINDOWS\SYSTEM32\WINHTTP.dll
0x00007ff9c0410000 - 0x00007ff9c047c000 	C:\WINDOWS\system32\mswsock.dll
0x00007ff992620000 - 0x00007ff992636000 	C:\Users\user\.vscode\extensions\redhat.java-1.41.1-win32-x64\jre\21.0.6-win32-x86_64\bin\nio.dll
0x00007ff9a6f20000 - 0x00007ff9a6f30000 	c:\Users\user\.vscode\extensions\redhat.java-1.41.1-win32-x64\jre\21.0.6-win32-x86_64\bin\verify.dll
0x00007ff989d60000 - 0x00007ff989da5000 	C:\Users\user\AppData\Roaming\Code\User\globalStorage\redhat.java\1.41.1\config_win\org.eclipse.equinox.launcher\org.eclipse.equinox.launcher.win32.win32.x86_64_1.2.1300.v20250331-1702\eclipse_11911.dll
0x00007ff9c26c0000 - 0x00007ff9c27eb000 	C:\WINDOWS\System32\ole32.dll
0x00007ff9c0600000 - 0x00007ff9c0618000 	C:\WINDOWS\SYSTEM32\CRYPTSP.dll
0x00007ff9bfcc0000 - 0x00007ff9bfcf8000 	C:\WINDOWS\system32\rsaenh.dll
0x00007ff9c0b30000 - 0x00007ff9c0b5e000 	C:\WINDOWS\SYSTEM32\USERENV.dll
0x00007ff9c0620000 - 0x00007ff9c062c000 	C:\WINDOWS\SYSTEM32\CRYPTBASE.dll
0x00007ff9c00a0000 - 0x00007ff9c00db000 	C:\WINDOWS\SYSTEM32\IPHLPAPI.DLL
0x00007ff9c1b00000 - 0x00007ff9c1b08000 	C:\WINDOWS\System32\NSI.dll
0x00007ff993480000 - 0x00007ff9934c9000 	C:\Users\user\AppData\Local\Temp\jna-3599307\jna16520186712598320306.dll
0x00007ff9c19c0000 - 0x00007ff9c19c8000 	C:\WINDOWS\System32\PSAPI.DLL
0x00007ff9b87c0000 - 0x00007ff9b87d7000 	C:\WINDOWS\SYSTEM32\dhcpcsvc6.DLL
0x00007ff9b86c0000 - 0x00007ff9b86dd000 	C:\WINDOWS\SYSTEM32\dhcpcsvc.DLL

dbghelp: loaded successfully - version: 4.0.5 - missing functions: none
symbol engine: initialized successfully - sym options: 0x614 - pdb path: .;c:\Users\user\.vscode\extensions\redhat.java-1.41.1-win32-x64\jre\21.0.6-win32-x86_64\bin;C:\WINDOWS\SYSTEM32;C:\WINDOWS\WinSxS\amd64_microsoft.windows.common-controls_6595b64144ccf1df_6.0.19041.4355_none_60b8b9eb71f62e16;c:\Users\user\.vscode\extensions\redhat.java-1.41.1-win32-x64\jre\21.0.6-win32-x86_64\bin\server;C:\Users\user\AppData\Roaming\Code\User\globalStorage\redhat.java\1.41.1\config_win\org.eclipse.equinox.launcher\org.eclipse.equinox.launcher.win32.win32.x86_64_1.2.1300.v20250331-1702;C:\Users\user\AppData\Local\Temp\jna-3599307

VM Arguments:
jvm_args: --add-modules=ALL-SYSTEM --add-opens=java.base/java.util=ALL-UNNAMED --add-opens=java.base/java.lang=ALL-UNNAMED --add-opens=java.base/sun.nio.fs=ALL-UNNAMED -Declipse.application=org.eclipse.jdt.ls.core.id1 -Dosgi.bundles.defaultStartLevel=4 -Declipse.product=org.eclipse.jdt.ls.core.product -Djava.import.generatesMetadataFilesAtProjectRoot=false -DDetectVMInstallationsJob.disabled=true -Dfile.encoding=utf8 -XX:+UseParallelGC -XX:GCTimeRatio=4 -XX:AdaptiveSizePolicyWeight=90 -Dsun.zip.disableMemoryMapping=true -Xmx1G -Xms100m -Xlog:disable -javaagent:c:\Users\user\.vscode\extensions\redhat.java-1.41.1-win32-x64\lombok\lombok-1.18.36.jar -XX:+HeapDumpOnOutOfMemoryError -XX:HeapDumpPath=c:\Users\user\AppData\Roaming\Code\User\workspaceStorage\7081d4938b7bc58abd24a11fd8b53687\redhat.java -Daether.dependencyCollector.impl=bf 
java_command: c:\Users\user\.vscode\extensions\redhat.java-1.41.1-win32-x64\server\plugins\org.eclipse.equinox.launcher_1.7.0.v20250331-1702.jar -configuration c:\Users\user\AppData\Roaming\Code\User\globalStorage\redhat.java\1.41.1\config_win -data c:\Users\user\AppData\Roaming\Code\User\workspaceStorage\7081d4938b7bc58abd24a11fd8b53687\redhat.java\jdt_ws --pipe=\\.\pipe\lsp-54ab4f6e6c90f2e3b7dea5f92d52cd92-sock
java_class_path (initial): c:\Users\user\.vscode\extensions\redhat.java-1.41.1-win32-x64\server\plugins\org.eclipse.equinox.launcher_1.7.0.v20250331-1702.jar
Launcher Type: SUN_STANDARD

[Global flags]
    uintx AdaptiveSizePolicyWeight                 = 90                                        {product} {command line}
     intx CICompilerCount                          = 3                                         {product} {ergonomic}
    uintx GCTimeRatio                              = 4                                         {product} {command line}
     bool HeapDumpOnOutOfMemoryError               = true                                   {manageable} {command line}
    ccstr HeapDumpPath                             = c:\Users\user\AppData\Roaming\Code\User\workspaceStorage\7081d4938b7bc58abd24a11fd8b53687\redhat.java         {manageable} {command line}
   size_t InitialHeapSize                          = 104857600                                 {product} {command line}
   size_t MaxHeapSize                              = 1073741824                                {product} {command line}
   size_t MaxNewSize                               = 357564416                                 {product} {ergonomic}
   size_t MinHeapDeltaBytes                        = 524288                                    {product} {ergonomic}
   size_t MinHeapSize                              = 104857600                                 {product} {command line}
   size_t NewSize                                  = 34603008                                  {product} {ergonomic}
    uintx NonNMethodCodeHeapSize                   = 5832780                                {pd product} {ergonomic}
    uintx NonProfiledCodeHeapSize                  = 122912730                              {pd product} {ergonomic}
   size_t OldSize                                  = 70254592                                  {product} {ergonomic}
    uintx ProfiledCodeHeapSize                     = 122912730                              {pd product} {ergonomic}
    uintx ReservedCodeCacheSize                    = 251658240                              {pd product} {ergonomic}
     bool SegmentedCodeCache                       = true                                      {product} {ergonomic}
   size_t SoftMaxHeapSize                          = 1073741824                             {manageable} {ergonomic}
     bool UseCompressedOops                        = true                           {product lp64_product} {ergonomic}
     bool UseLargePagesIndividualAllocation        = false                                  {pd product} {ergonomic}
     bool UseParallelGC                            = true                                      {product} {command line}

Logging:
Log output configuration:
 #0: stdout all=off uptime,level,tags foldmultilines=false
 #1: stderr all=off uptime,level,tags foldmultilines=false

Environment Variables:
PATH=C:\Program Files (x86)\VMware\VMware Workstation\bin\;C:\Program Files\Common Files\Oracle\Java\javapath;C:\Program Files (x86)\Common Files\Intel\Shared Libraries\redist\intel64\compiler;C:\Program Files (x86)\Intel\iCLS Client\;C:\Program Files\Intel\iCLS Client\;C:\Windows\system32;C:\Windows;C:\Windows\System32\Wbem;C:\Windows\System32\WindowsPowerShell\v1.0\;C:\Program Files (x86)\Intel\Intel(R) Management Engine Components\DAL;C:\Program Files\Intel\Intel(R) Management Engine Components\DAL;C:\Program Files (x86)\Intel\Intel(R) Management Engine Components\IPT;C:\Program Files\Intel\Intel(R) Management Engine Components\IPT;C:\Program Files (x86)\NVIDIA Corporation\PhysX\Common;C:\WINDOWS\system32;C:\WINDOWS;C:\WINDOWS\System32\Wbem;C:\WINDOWS\System32\WindowsPowerShell\v1.0\;C:\WINDOWS\System32\OpenSSH\;C:\Program Files\Intel\WiFi\bin\;C:\Program Files\Common Files\Intel\WirelessCommon\;C:\Program Files\Git\cmd;C:\Users\user\AppData\Local\Microsoft\WindowsApps;C:\Users\user\AppData\Local\GitHubDesktop\bin;C:\Users\user\AppData\Local\Microsoft\WindowsApps;C:\Users\user\AppData\Local\Programs\Microsoft VS Code\bin
USERNAME=user
OS=Windows_NT
PROCESSOR_IDENTIFIER=Intel64 Family 6 Model 142 Stepping 9, GenuineIntel
TMP=C:\Users\user\AppData\Local\Temp
TEMP=C:\Users\user\AppData\Local\Temp




Periodic native trim disabled

---------------  S Y S T E M  ---------------

OS:
 Windows 10 , 64 bit Build 19041 (10.0.19041.5678)
OS uptime: 1 days 9:07 hours

CPU: total 4 (initial active 4) (2 cores per cpu, 2 threads per core) family 6 model 142 stepping 9 microcode 0xb4, cx8, cmov, fxsr, ht, mmx, 3dnowpref, sse, sse2, sse3, ssse3, sse4.1, sse4.2, popcnt, lzcnt, tsc, tscinvbit, avx, avx2, aes, erms, clmul, bmi1, bmi2, adx, fma, vzeroupper, clflush, clflushopt, rdtscp, f16c
Processor Information for the first 4 processors :
  Max Mhz: 2712, Current Mhz: 2511, Mhz Limit: 2495

Memory: 4k page, system-wide physical 3982M (203M free)
TotalPageFile size 12870M (AvailPageFile size 8M)
current process WorkingSet (physical memory assigned to process): 477M, peak: 477M
current process commit charge ("private bytes"): 618M, peak: 620M

vm_info: OpenJDK 64-Bit Server VM (21.0.6+7-LTS) for windows-amd64 JRE (21.0.6+7-LTS), built on 2025-01-21T00:00:00Z by "admin" with MS VC++ 17.7 (VS2022)

END.
