#
# There is insufficient memory for the Java Runtime Environment to continue.
# Native memory allocation (malloc) failed to allocate 990576 bytes. Error detail: Chunk::new
# Possible reasons:
#   The system is out of physical RAM or swap space
#   This process is running with CompressedOops enabled, and the Java Heap may be blocking the growth of the native heap
# Possible solutions:
#   Reduce memory load on the system
#   Increase physical memory or swap space
#   Check if swap backing store is full
#   Decrease Java heap size (-Xmx/-Xms)
#   Decrease number of Java threads
#   Decrease Java thread stack sizes (-Xss)
#   Set larger code cache with -XX:ReservedCodeCacheSize=
#   JVM is running with Unscaled Compressed Oops mode in which the Java heap is
#     placed in the first 4GB address space. The Java Heap base address is the
#     maximum limit for the native heap growth. Please use -XX:HeapBaseMinAddress
#     to set the Java Heap base and to place the Java Heap above 4GB virtual address.
# This output file may be truncated or incomplete.
#
#  Out of Memory Error (arena.cpp:168), pid=3540, tid=15688
#
# JRE version: OpenJDK Runtime Environment Temurin-21.0.6+7 (21.0.6+7) (build 21.0.6+7-LTS)
# Java VM: OpenJDK 64-Bit Server VM Temurin-21.0.6+7 (21.0.6+7-LTS, mixed mode, sharing, tiered, compressed oops, compressed class ptrs, parallel gc, windows-amd64)
# No core dump will be written. Minidumps are not enabled by default on client versions of Windows
#

---------------  S U M M A R Y ------------

Command Line: --add-modules=ALL-SYSTEM --add-opens=java.base/java.util=ALL-UNNAMED --add-opens=java.base/java.lang=ALL-UNNAMED --add-opens=java.base/sun.nio.fs=ALL-UNNAMED -Declipse.application=org.eclipse.jdt.ls.core.id1 -Dosgi.bundles.defaultStartLevel=4 -Declipse.product=org.eclipse.jdt.ls.core.product -Djava.import.generatesMetadataFilesAtProjectRoot=false -DDetectVMInstallationsJob.disabled=true -Dfile.encoding=utf8 -XX:+UseParallelGC -XX:GCTimeRatio=4 -XX:AdaptiveSizePolicyWeight=90 -Dsun.zip.disableMemoryMapping=true -Xmx1G -Xms100m -Xlog:disable -javaagent:c:\Users\user\.vscode\extensions\redhat.java-1.41.1-win32-x64\lombok\lombok-1.18.36.jar -XX:+HeapDumpOnOutOfMemoryError -XX:HeapDumpPath=c:\Users\user\AppData\Roaming\Code\User\workspaceStorage\7081d4938b7bc58abd24a11fd8b53687\redhat.java -Daether.dependencyCollector.impl=bf c:\Users\user\.vscode\extensions\redhat.java-1.41.1-win32-x64\server\plugins\org.eclipse.equinox.launcher_1.7.0.v20250331-1702.jar -configuration c:\Users\user\AppData\Roaming\Code\User\globalStorage\redhat.java\1.41.1\config_win -data c:\Users\user\AppData\Roaming\Code\User\workspaceStorage\7081d4938b7bc58abd24a11fd8b53687\redhat.java\jdt_ws --pipe=\\.\pipe\lsp-6f2cd289340a578f25f24aa3b839d534-sock

Host: Intel(R) Core(TM) i5-7200U CPU @ 2.50GHz, 4 cores, 3G,  Windows 10 , 64 bit Build 19041 (10.0.19041.5678)
Time: Wed Apr 30 21:44:55 2025  Windows 10 , 64 bit Build 19041 (10.0.19041.5678) elapsed time: 57.273248 seconds (0d 0h 0m 57s)

---------------  T H R E A D  ---------------

Current thread (0x000001ef69b89f50):  JavaThread "C2 CompilerThread0" daemon [_thread_in_native, id=15688, stack(0x0000005658400000,0x0000005658500000) (1024K)]


Current CompileTask:
C2:57273 11133   !   4       org.eclipse.jdt.internal.core.search.indexing.BinaryIndexer::indexDocument (1204 bytes)

Stack: [0x0000005658400000,0x0000005658500000]
Native frames: (J=compiled Java code, j=interpreted, Vv=VM code, C=native code)
V  [jvm.dll+0x6cdee9]
V  [jvm.dll+0x8a83d1]
V  [jvm.dll+0x8aa8fe]
V  [jvm.dll+0x8aafe3]
V  [jvm.dll+0x27f706]
V  [jvm.dll+0xc500d]
V  [jvm.dll+0xc5543]
V  [jvm.dll+0x2f2acd]
V  [jvm.dll+0x5f6a2a]
V  [jvm.dll+0x250bb2]
V  [jvm.dll+0x250f6f]
V  [jvm.dll+0x249834]
V  [jvm.dll+0x246ec4]
V  [jvm.dll+0x1c75ee]
V  [jvm.dll+0x25685a]
V  [jvm.dll+0x254dfa]
V  [jvm.dll+0x3f0256]
V  [jvm.dll+0x851f8b]
V  [jvm.dll+0x6cc5ed]
C  [ucrtbase.dll+0x21bb2]
C  [KERNEL32.DLL+0x17374]
C  [ntdll.dll+0x4cc91]


---------------  P R O C E S S  ---------------

Threads class SMR info:
_java_thread_list=0x000001ef70f395b0, length=42, elements={
0x000001ef55851e50, 0x000001ef69b80670, 0x000001ef69b81e70, 0x000001ef69b839f0,
0x000001ef69b84900, 0x000001ef69b866c0, 0x000001ef69b89120, 0x000001ef69b89f50,
0x000001ef69bf3330, 0x000001ef558bd7a0, 0x000001ef6ab62270, 0x000001ef6f5b5330,
0x000001ef6f7737b0, 0x000001ef6f6ff840, 0x000001ef6f86e090, 0x000001ef6f653940,
0x000001ef6f75f8e0, 0x000001ef6f9af810, 0x000001ef6f9b0530, 0x000001ef6f9b0bc0,
0x000001ef6f9b2600, 0x000001ef6f9b1f70, 0x000001ef6f9b1250, 0x000001ef6f9b18e0,
0x000001ef6f9b2c90, 0x000001ef6f9afea0, 0x000001ef7269fff0, 0x000001ef726a0d10,
0x000001ef726a1a30, 0x000001ef726a13a0, 0x000001ef726a4eb0, 0x000001ef726a2750,
0x000001ef726a20c0, 0x000001ef726a3470, 0x000001ef726a5540, 0x000001ef7269e5b0,
0x000001ef726a3b00, 0x000001ef726a4190, 0x000001ef7269ec40, 0x000001ef726a4820,
0x000001ef7269f960, 0x000001ef71b4a410
}

Java Threads: ( => current thread )
  0x000001ef55851e50 JavaThread "main"                              [_thread_blocked, id=18088, stack(0x0000005657a00000,0x0000005657b00000) (1024K)]
  0x000001ef69b80670 JavaThread "Reference Handler"          daemon [_thread_blocked, id=3636, stack(0x0000005657e00000,0x0000005657f00000) (1024K)]
  0x000001ef69b81e70 JavaThread "Finalizer"                  daemon [_thread_blocked, id=18628, stack(0x0000005657f00000,0x0000005658000000) (1024K)]
  0x000001ef69b839f0 JavaThread "Signal Dispatcher"          daemon [_thread_blocked, id=980, stack(0x0000005658000000,0x0000005658100000) (1024K)]
  0x000001ef69b84900 JavaThread "Attach Listener"            daemon [_thread_blocked, id=12068, stack(0x0000005658100000,0x0000005658200000) (1024K)]
  0x000001ef69b866c0 JavaThread "Service Thread"             daemon [_thread_blocked, id=14244, stack(0x0000005658200000,0x0000005658300000) (1024K)]
  0x000001ef69b89120 JavaThread "Monitor Deflation Thread"   daemon [_thread_blocked, id=3320, stack(0x0000005658300000,0x0000005658400000) (1024K)]
=>0x000001ef69b89f50 JavaThread "C2 CompilerThread0"         daemon [_thread_in_native, id=15688, stack(0x0000005658400000,0x0000005658500000) (1024K)]
  0x000001ef69bf3330 JavaThread "C1 CompilerThread0"         daemon [_thread_blocked, id=3840, stack(0x0000005658500000,0x0000005658600000) (1024K)]
  0x000001ef558bd7a0 JavaThread "Common-Cleaner"             daemon [_thread_blocked, id=5724, stack(0x0000005658600000,0x0000005658700000) (1024K)]
  0x000001ef6ab62270 JavaThread "Notification Thread"        daemon [_thread_blocked, id=780, stack(0x0000005658700000,0x0000005658800000) (1024K)]
  0x000001ef6f5b5330 JavaThread "Active Thread: Equinox Container: c8e32b01-191c-49a9-9463-52308eae930e"        [_thread_blocked, id=16612, stack(0x0000005658800000,0x0000005658900000) (1024K)]
  0x000001ef6f7737b0 JavaThread "Refresh Thread: Equinox Container: c8e32b01-191c-49a9-9463-52308eae930e" daemon [_thread_blocked, id=18232, stack(0x0000005658c00000,0x0000005658d00000) (1024K)]
  0x000001ef6f6ff840 JavaThread "Framework Event Dispatcher: Equinox Container: c8e32b01-191c-49a9-9463-52308eae930e" daemon [_thread_blocked, id=3012, stack(0x0000005658d00000,0x0000005658e00000) (1024K)]
  0x000001ef6f86e090 JavaThread "Start Level: Equinox Container: c8e32b01-191c-49a9-9463-52308eae930e" daemon [_thread_blocked, id=20384, stack(0x0000005658e00000,0x0000005658f00000) (1024K)]
  0x000001ef6f653940 JavaThread "Bundle File Closer"         daemon [_thread_blocked, id=3964, stack(0x0000005658f00000,0x0000005659000000) (1024K)]
  0x000001ef6f75f8e0 JavaThread "SCR Component Actor"        daemon [_thread_blocked, id=18524, stack(0x0000005659000000,0x0000005659100000) (1024K)]
  0x000001ef6f9af810 JavaThread "Worker-JM"                         [_thread_blocked, id=5696, stack(0x0000005659200000,0x0000005659300000) (1024K)]
  0x000001ef6f9b0530 JavaThread "JNA Cleaner"                daemon [_thread_blocked, id=5580, stack(0x0000005659300000,0x0000005659400000) (1024K)]
  0x000001ef6f9b0bc0 JavaThread "Worker-0: Check JDK Index"         [_thread_blocked, id=14704, stack(0x0000005659400000,0x0000005659500000) (1024K)]
  0x000001ef6f9b2600 JavaThread "Worker-1: Java indexing... "        [_thread_blocked, id=3572, stack(0x0000005659500000,0x0000005659600000) (1024K)]
  0x000001ef6f9b1f70 JavaThread "Worker-2"                          [_thread_blocked, id=18208, stack(0x0000005659600000,0x0000005659700000) (1024K)]
  0x000001ef6f9b1250 JavaThread "Java indexing"              daemon [_thread_in_native, id=11512, stack(0x0000005659700000,0x0000005659800000) (1024K)]
  0x000001ef6f9b18e0 JavaThread "Worker-3"                          [_thread_blocked, id=11184, stack(0x0000005659800000,0x0000005659900000) (1024K)]
  0x000001ef6f9b2c90 JavaThread "Worker-4"                          [_thread_blocked, id=5552, stack(0x0000005659900000,0x0000005659a00000) (1024K)]
  0x000001ef6f9afea0 JavaThread "Thread-2"                   daemon [_thread_in_native, id=8652, stack(0x0000005659a00000,0x0000005659b00000) (1024K)]
  0x000001ef7269fff0 JavaThread "Thread-3"                   daemon [_thread_in_native, id=3804, stack(0x0000005659b00000,0x0000005659c00000) (1024K)]
  0x000001ef726a0d10 JavaThread "Thread-4"                   daemon [_thread_in_native, id=15608, stack(0x0000005659c00000,0x0000005659d00000) (1024K)]
  0x000001ef726a1a30 JavaThread "Thread-5"                   daemon [_thread_in_native, id=9080, stack(0x0000005659d00000,0x0000005659e00000) (1024K)]
  0x000001ef726a13a0 JavaThread "Thread-6"                   daemon [_thread_in_native, id=13192, stack(0x0000005659e00000,0x0000005659f00000) (1024K)]
  0x000001ef726a4eb0 JavaThread "pool-2-thread-1"                   [_thread_blocked, id=20148, stack(0x0000005659f00000,0x000000565a000000) (1024K)]
  0x000001ef726a2750 JavaThread "WorkspaceEventsHandler"            [_thread_blocked, id=892, stack(0x000000565a000000,0x000000565a100000) (1024K)]
  0x000001ef726a20c0 JavaThread "pool-1-thread-1"                   [_thread_blocked, id=13352, stack(0x000000565a100000,0x000000565a200000) (1024K)]
  0x000001ef726a3470 JavaThread "LocalFile Deleter"          daemon [_thread_blocked, id=1664, stack(0x0000005659100000,0x0000005659200000) (1024K)]
  0x000001ef726a5540 JavaThread "LocalFile Deleter"          daemon [_thread_blocked, id=14756, stack(0x000000565a200000,0x000000565a300000) (1024K)]
  0x000001ef7269e5b0 JavaThread "LocalFile Deleter"          daemon [_thread_blocked, id=5024, stack(0x000000565a300000,0x000000565a400000) (1024K)]
  0x000001ef726a3b00 JavaThread "LocalFile Deleter"          daemon [_thread_blocked, id=13376, stack(0x000000565a400000,0x000000565a500000) (1024K)]
  0x000001ef726a4190 JavaThread "Compiler Source File Reader" daemon [_thread_blocked, id=14436, stack(0x000000565a500000,0x000000565a600000) (1024K)]
  0x000001ef7269ec40 JavaThread "Compiler Processing Task"   daemon [_thread_blocked, id=18372, stack(0x000000565a600000,0x000000565a700000) (1024K)]
  0x000001ef726a4820 JavaThread "Compiler Class File Writer" daemon [_thread_blocked, id=20204, stack(0x000000565a700000,0x000000565a800000) (1024K)]
  0x000001ef7269f960 JavaThread "Compiler Source File Reader" daemon [_thread_blocked, id=4860, stack(0x000000565a800000,0x000000565a900000) (1024K)]
  0x000001ef71b4a410 JavaThread "Compiler Class File Writer" daemon [_thread_blocked, id=18132, stack(0x000000565a900000,0x000000565aa00000) (1024K)]
Total: 42

Other Threads:
  0x000001ef559101f0 VMThread "VM Thread"                           [id=6772, stack(0x0000005657d00000,0x0000005657e00000) (1024K)]
  0x000001ef558bc6e0 WatcherThread "VM Periodic Task Thread"        [id=19904, stack(0x0000005657c00000,0x0000005657d00000) (1024K)]
  0x000001ef5586eeb0 WorkerThread "GC Thread#0"                     [id=9060, stack(0x0000005657b00000,0x0000005657c00000) (1024K)]
  0x000001ef6f17fea0 WorkerThread "GC Thread#1"                     [id=10496, stack(0x0000005658900000,0x0000005658a00000) (1024K)]
  0x000001ef6f388970 WorkerThread "GC Thread#2"                     [id=14600, stack(0x0000005658a00000,0x0000005658b00000) (1024K)]
  0x000001ef6f388d10 WorkerThread "GC Thread#3"                     [id=16440, stack(0x0000005658b00000,0x0000005658c00000) (1024K)]
Total: 6

Threads with active compile tasks:
C2 CompilerThread0  57366 11133   !   4       org.eclipse.jdt.internal.core.search.indexing.BinaryIndexer::indexDocument (1204 bytes)
Total: 1

VM state: not at safepoint (normal execution)

VM Mutex/Monitor currently owned by a thread: None

Heap address: 0x00000000c0000000, size: 1024 MB, Compressed Oops mode: 32-bit

CDS archive(s) mapped at: [0x000001ef00000000-0x000001ef00ba0000-0x000001ef00ba0000), size 12189696, SharedBaseAddress: 0x000001ef00000000, ArchiveRelocationMode: 1.
Compressed class space mapped at: 0x000001ef01000000-0x000001ef41000000, reserved size: 1073741824
Narrow klass base: 0x000001ef00000000, Narrow klass shift: 0, Narrow klass range: 0x100000000

GC Precious Log:
 CardTable entry size: 512
 CPUs: 4 total, 4 available
 Memory: 3982M
 Large Page Support: Disabled
 NUMA Support: Disabled
 Compressed Oops: Enabled (32-bit)
 Alignments: Space 512K, Generation 512K, Heap 2M
 Heap Min Capacity: 100M
 Heap Initial Capacity: 100M
 Heap Max Capacity: 1G
 Pre-touch: Disabled
 Parallel Workers: 4

Heap:
 PSYoungGen      total 3584K, used 3039K [0x00000000eab00000, 0x00000000eb100000, 0x0000000100000000)
  eden space 3072K, 82% used [0x00000000eab00000,0x00000000ead77ee8,0x00000000eae00000)
  from space 512K, 100% used [0x00000000eb000000,0x00000000eb080000,0x00000000eb080000)
  to   space 512K, 0% used [0x00000000eb080000,0x00000000eb080000,0x00000000eb100000)
 ParOldGen       total 387072K, used 386793K [0x00000000c0000000, 0x00000000d7a00000, 0x00000000eab00000)
  object space 387072K, 99% used [0x00000000c0000000,0x00000000d79ba4d0,0x00000000d7a00000)
 Metaspace       used 59831K, committed 61248K, reserved 1114112K
  class space    used 6220K, committed 6848K, reserved 1048576K

Card table byte_map: [0x000001ef55200000,0x000001ef55410000] _byte_map_base: 0x000001ef54c00000

Marking Bits: (ParMarkBitMap*) 0x00007ffcca163260
 Begin Bits: [0x000001ef67a50000, 0x000001ef68a50000)
 End Bits:   [0x000001ef68a50000, 0x000001ef69a50000)

Polling page: 0x000001ef535d0000

Metaspace:

Usage:
  Non-class:     52.35 MB used.
      Class:      6.07 MB used.
       Both:     58.43 MB used.

Virtual space:
  Non-class space:       64.00 MB reserved,      53.12 MB ( 83%) committed,  1 nodes.
      Class space:        1.00 GB reserved,       6.69 MB ( <1%) committed,  1 nodes.
             Both:        1.06 GB reserved,      59.81 MB (  5%) committed. 

Chunk freelists:
   Non-Class:  10.84 MB
       Class:  9.34 MB
        Both:  20.19 MB

MaxMetaspaceSize: unlimited
CompressedClassSpaceSize: 1.00 GB
Initial GC threshold: 21.00 MB
Current GC threshold: 97.31 MB
CDS: on
 - commit_granule_bytes: 65536.
 - commit_granule_words: 8192.
 - virtual_space_node_default_size: 8388608.
 - enlarge_chunks_in_place: 1.
 - use_allocation_guard: 0.


Internal statistics:

num_allocs_failed_limit: 11.
num_arena_births: 1136.
num_arena_deaths: 16.
num_vsnodes_births: 2.
num_vsnodes_deaths: 0.
num_space_committed: 957.
num_space_uncommitted: 0.
num_chunks_returned_to_freelist: 28.
num_chunks_taken_from_freelist: 4020.
num_chunk_merges: 15.
num_chunk_splits: 2445.
num_chunks_enlarged: 1339.
num_inconsistent_stats: 0.

CodeHeap 'non-profiled nmethods': size=120000Kb used=6084Kb max_used=6084Kb free=113915Kb
 bounds [0x000001ef60520000, 0x000001ef60b20000, 0x000001ef67a50000]
CodeHeap 'profiled nmethods': size=120000Kb used=20663Kb max_used=20663Kb free=99336Kb
 bounds [0x000001ef58a50000, 0x000001ef59e80000, 0x000001ef5ff80000]
CodeHeap 'non-nmethods': size=5760Kb used=1428Kb max_used=1507Kb free=4331Kb
 bounds [0x000001ef5ff80000, 0x000001ef601f0000, 0x000001ef60520000]
 total_blobs=11094 nmethods=10352 adapters=648
 compilation: enabled
              stopped_count=0, restarted_count=0
 full_count=0

Compilation events (20 events):
Event: 55.453 Thread 0x000001ef69b89f50 11100       4       org.eclipse.jdt.internal.core.search.indexing.AbstractIndexer::addMethodDeclaration (105 bytes)
Event: 55.627 Thread 0x000001ef69bf3330 nmethod 11136 0x000001ef59e71990 code [0x000001ef59e71c00, 0x000001ef59e72240]
Event: 55.711 Thread 0x000001ef69bf3330 11138       2       org.eclipse.jdt.internal.compiler.classfmt.AnnotationInfo::readTargetValue (322 bytes)
Event: 55.713 Thread 0x000001ef69bf3330 nmethod 11138 0x000001ef59e72810 code [0x000001ef59e72a40, 0x000001ef59e73150]
Event: 55.836 Thread 0x000001ef69b89f50 nmethod 11100 0x000001ef60afda90 code [0x000001ef60afde40, 0x000001ef60b00ba0]
Event: 55.838 Thread 0x000001ef69b89f50 11137 %     4       org.eclipse.jdt.internal.core.search.indexing.BinaryIndexer::extractReferenceFromConstantPool @ 15 (358 bytes)
Event: 55.880 Thread 0x000001ef69bf3330 11140   !   3       org.eclipse.jdt.internal.compiler.parser.Scanner::getNextChar (71 bytes)
Event: 55.881 Thread 0x000001ef69bf3330 nmethod 11140 0x000001ef59e73690 code [0x000001ef59e73860, 0x000001ef59e73c48]
Event: 56.001 Thread 0x000001ef69bf3330 11141       3       org.eclipse.jdt.internal.compiler.util.SimpleLookupTable::rehash (86 bytes)
Event: 56.002 Thread 0x000001ef69bf3330 nmethod 11141 0x000001ef59e73e10 code [0x000001ef59e73fe0, 0x000001ef59e74380]
Event: 56.632 Thread 0x000001ef69bf3330 11144       3       org.eclipse.jdt.internal.compiler.classfmt.MethodInfo::decodeLocalVariableAttribute (158 bytes)
Event: 56.633 Thread 0x000001ef69bf3330 nmethod 11144 0x000001ef59e74590 code [0x000001ef59e74800, 0x000001ef59e755f8]
Event: 56.940 Thread 0x000001ef69b89f50 nmethod 11137% 0x000001ef60b02490 code [0x000001ef60b02cc0, 0x000001ef60b0ca60]
Event: 56.943 Thread 0x000001ef69b89f50 11133   !   4       org.eclipse.jdt.internal.core.search.indexing.BinaryIndexer::indexDocument (1204 bytes)
Event: 56.946 Thread 0x000001ef69bf3330 11145       3       org.eclipse.jdt.internal.compiler.classfmt.ClassFileStruct::utf8At (171 bytes)
Event: 56.952 Thread 0x000001ef69bf3330 nmethod 11145 0x000001ef59e75c10 code [0x000001ef59e75de0, 0x000001ef59e76338]
Event: 56.987 Thread 0x000001ef69bf3330 11149   !   3       org.eclipse.jdt.internal.core.index.DiskIndex::mergeWith (623 bytes)
Event: 57.007 Thread 0x000001ef69bf3330 nmethod 11149 0x000001ef59e76590 code [0x000001ef59e76e00, 0x000001ef59e7b220]
Event: 57.196 Thread 0x000001ef69bf3330 11151       3       org.eclipse.jdt.internal.core.index.DiskIndex::writeStreamChars (220 bytes)
Event: 57.197 Thread 0x000001ef69bf3330 nmethod 11151 0x000001ef59e7d890 code [0x000001ef59e7daa0, 0x000001ef59e7e198]

GC Heap History (20 events):
Event: 55.993 GC heap before
{Heap before GC invocations=371 (full 3):
 PSYoungGen      total 3584K, used 3520K [0x00000000eab00000, 0x00000000eb180000, 0x0000000100000000)
  eden space 3072K, 100% used [0x00000000eab00000,0x00000000eae00000,0x00000000eae00000)
  from space 512K, 87% used [0x00000000eb080000,0x00000000eb0f0000,0x00000000eb100000)
  to   space 512K, 0% used [0x00000000eb100000,0x00000000eb100000,0x00000000eb180000)
 ParOldGen       total 382976K, used 382587K [0x00000000c0000000, 0x00000000d7600000, 0x00000000eab00000)
  object space 382976K, 99% used [0x00000000c0000000,0x00000000d759eeb8,0x00000000d7600000)
 Metaspace       used 59830K, committed 61248K, reserved 1114112K
  class space    used 6220K, committed 6848K, reserved 1048576K
}
Event: 55.998 GC heap after
{Heap after GC invocations=371 (full 3):
 PSYoungGen      total 3584K, used 416K [0x00000000eab00000, 0x00000000eb180000, 0x0000000100000000)
  eden space 3072K, 0% used [0x00000000eab00000,0x00000000eab00000,0x00000000eae00000)
  from space 512K, 81% used [0x00000000eb100000,0x00000000eb168000,0x00000000eb180000)
  to   space 512K, 0% used [0x00000000eb080000,0x00000000eb080000,0x00000000eb100000)
 ParOldGen       total 382976K, used 382971K [0x00000000c0000000, 0x00000000d7600000, 0x00000000eab00000)
  object space 382976K, 99% used [0x00000000c0000000,0x00000000d75feeb8,0x00000000d7600000)
 Metaspace       used 59830K, committed 61248K, reserved 1114112K
  class space    used 6220K, committed 6848K, reserved 1048576K
}
Event: 56.101 GC heap before
{Heap before GC invocations=372 (full 3):
 PSYoungGen      total 3584K, used 3488K [0x00000000eab00000, 0x00000000eb180000, 0x0000000100000000)
  eden space 3072K, 100% used [0x00000000eab00000,0x00000000eae00000,0x00000000eae00000)
  from space 512K, 81% used [0x00000000eb100000,0x00000000eb168000,0x00000000eb180000)
  to   space 512K, 0% used [0x00000000eb080000,0x00000000eb080000,0x00000000eb100000)
 ParOldGen       total 382976K, used 382971K [0x00000000c0000000, 0x00000000d7600000, 0x00000000eab00000)
  object space 382976K, 99% used [0x00000000c0000000,0x00000000d75feeb8,0x00000000d7600000)
 Metaspace       used 59830K, committed 61248K, reserved 1114112K
  class space    used 6220K, committed 6848K, reserved 1048576K
}
Event: 56.105 GC heap after
{Heap after GC invocations=372 (full 3):
 PSYoungGen      total 3584K, used 448K [0x00000000eab00000, 0x00000000eb180000, 0x0000000100000000)
  eden space 3072K, 0% used [0x00000000eab00000,0x00000000eab00000,0x00000000eae00000)
  from space 512K, 87% used [0x00000000eb080000,0x00000000eb0f0000,0x00000000eb100000)
  to   space 512K, 0% used [0x00000000eb100000,0x00000000eb100000,0x00000000eb180000)
 ParOldGen       total 383488K, used 383339K [0x00000000c0000000, 0x00000000d7680000, 0x00000000eab00000)
  object space 383488K, 99% used [0x00000000c0000000,0x00000000d765aeb8,0x00000000d7680000)
 Metaspace       used 59830K, committed 61248K, reserved 1114112K
  class space    used 6220K, committed 6848K, reserved 1048576K
}
Event: 56.156 GC heap before
{Heap before GC invocations=373 (full 3):
 PSYoungGen      total 3584K, used 3520K [0x00000000eab00000, 0x00000000eb180000, 0x0000000100000000)
  eden space 3072K, 100% used [0x00000000eab00000,0x00000000eae00000,0x00000000eae00000)
  from space 512K, 87% used [0x00000000eb080000,0x00000000eb0f0000,0x00000000eb100000)
  to   space 512K, 0% used [0x00000000eb100000,0x00000000eb100000,0x00000000eb180000)
 ParOldGen       total 383488K, used 383339K [0x00000000c0000000, 0x00000000d7680000, 0x00000000eab00000)
  object space 383488K, 99% used [0x00000000c0000000,0x00000000d765aeb8,0x00000000d7680000)
 Metaspace       used 59830K, committed 61248K, reserved 1114112K
  class space    used 6220K, committed 6848K, reserved 1048576K
}
Event: 56.160 GC heap after
{Heap after GC invocations=373 (full 3):
 PSYoungGen      total 3584K, used 464K [0x00000000eab00000, 0x00000000eb180000, 0x0000000100000000)
  eden space 3072K, 0% used [0x00000000eab00000,0x00000000eab00000,0x00000000eae00000)
  from space 512K, 90% used [0x00000000eb100000,0x00000000eb174010,0x00000000eb180000)
  to   space 512K, 0% used [0x00000000eb080000,0x00000000eb080000,0x00000000eb100000)
 ParOldGen       total 384000K, used 383761K [0x00000000c0000000, 0x00000000d7700000, 0x00000000eab00000)
  object space 384000K, 99% used [0x00000000c0000000,0x00000000d76c44c8,0x00000000d7700000)
 Metaspace       used 59830K, committed 61248K, reserved 1114112K
  class space    used 6220K, committed 6848K, reserved 1048576K
}
Event: 56.210 GC heap before
{Heap before GC invocations=374 (full 3):
 PSYoungGen      total 3584K, used 3536K [0x00000000eab00000, 0x00000000eb180000, 0x0000000100000000)
  eden space 3072K, 100% used [0x00000000eab00000,0x00000000eae00000,0x00000000eae00000)
  from space 512K, 90% used [0x00000000eb100000,0x00000000eb174010,0x00000000eb180000)
  to   space 512K, 0% used [0x00000000eb080000,0x00000000eb080000,0x00000000eb100000)
 ParOldGen       total 384000K, used 383761K [0x00000000c0000000, 0x00000000d7700000, 0x00000000eab00000)
  object space 384000K, 99% used [0x00000000c0000000,0x00000000d76c44c8,0x00000000d7700000)
 Metaspace       used 59830K, committed 61248K, reserved 1114112K
  class space    used 6220K, committed 6848K, reserved 1048576K
}
Event: 56.212 GC heap after
{Heap after GC invocations=374 (full 3):
 PSYoungGen      total 3584K, used 416K [0x00000000eab00000, 0x00000000eb180000, 0x0000000100000000)
  eden space 3072K, 0% used [0x00000000eab00000,0x00000000eab00000,0x00000000eae00000)
  from space 512K, 81% used [0x00000000eb080000,0x00000000eb0e8000,0x00000000eb100000)
  to   space 512K, 0% used [0x00000000eb100000,0x00000000eb100000,0x00000000eb180000)
 ParOldGen       total 384512K, used 384161K [0x00000000c0000000, 0x00000000d7780000, 0x00000000eab00000)
  object space 384512K, 99% used [0x00000000c0000000,0x00000000d77284c8,0x00000000d7780000)
 Metaspace       used 59830K, committed 61248K, reserved 1114112K
  class space    used 6220K, committed 6848K, reserved 1048576K
}
Event: 56.258 GC heap before
{Heap before GC invocations=375 (full 3):
 PSYoungGen      total 3584K, used 3488K [0x00000000eab00000, 0x00000000eb180000, 0x0000000100000000)
  eden space 3072K, 100% used [0x00000000eab00000,0x00000000eae00000,0x00000000eae00000)
  from space 512K, 81% used [0x00000000eb080000,0x00000000eb0e8000,0x00000000eb100000)
  to   space 512K, 0% used [0x00000000eb100000,0x00000000eb100000,0x00000000eb180000)
 ParOldGen       total 384512K, used 384161K [0x00000000c0000000, 0x00000000d7780000, 0x00000000eab00000)
  object space 384512K, 99% used [0x00000000c0000000,0x00000000d77284c8,0x00000000d7780000)
 Metaspace       used 59830K, committed 61248K, reserved 1114112K
  class space    used 6220K, committed 6848K, reserved 1048576K
}
Event: 56.261 GC heap after
{Heap after GC invocations=375 (full 3):
 PSYoungGen      total 3584K, used 512K [0x00000000eab00000, 0x00000000eb180000, 0x0000000100000000)
  eden space 3072K, 0% used [0x00000000eab00000,0x00000000eab00000,0x00000000eae00000)
  from space 512K, 100% used [0x00000000eb100000,0x00000000eb180000,0x00000000eb180000)
  to   space 1024K, 0% used [0x00000000eaf80000,0x00000000eaf80000,0x00000000eb080000)
 ParOldGen       total 385024K, used 384521K [0x00000000c0000000, 0x00000000d7800000, 0x00000000eab00000)
  object space 385024K, 99% used [0x00000000c0000000,0x00000000d77824c8,0x00000000d7800000)
 Metaspace       used 59830K, committed 61248K, reserved 1114112K
  class space    used 6220K, committed 6848K, reserved 1048576K
}
Event: 56.335 GC heap before
{Heap before GC invocations=376 (full 3):
 PSYoungGen      total 3584K, used 3584K [0x00000000eab00000, 0x00000000eb180000, 0x0000000100000000)
  eden space 3072K, 100% used [0x00000000eab00000,0x00000000eae00000,0x00000000eae00000)
  from space 512K, 100% used [0x00000000eb100000,0x00000000eb180000,0x00000000eb180000)
  to   space 1024K, 0% used [0x00000000eaf80000,0x00000000eaf80000,0x00000000eb080000)
 ParOldGen       total 385024K, used 384521K [0x00000000c0000000, 0x00000000d7800000, 0x00000000eab00000)
  object space 385024K, 99% used [0x00000000c0000000,0x00000000d77824c8,0x00000000d7800000)
 Metaspace       used 59830K, committed 61248K, reserved 1114112K
  class space    used 6220K, committed 6848K, reserved 1048576K
}
Event: 56.345 GC heap after
{Heap after GC invocations=376 (full 3):
 PSYoungGen      total 4096K, used 448K [0x00000000eab00000, 0x00000000eb180000, 0x0000000100000000)
  eden space 3072K, 0% used [0x00000000eab00000,0x00000000eab00000,0x00000000eae00000)
  from space 1024K, 43% used [0x00000000eaf80000,0x00000000eaff0000,0x00000000eb080000)
  to   space 512K, 0% used [0x00000000eb100000,0x00000000eb100000,0x00000000eb180000)
 ParOldGen       total 385024K, used 384945K [0x00000000c0000000, 0x00000000d7800000, 0x00000000eab00000)
  object space 385024K, 99% used [0x00000000c0000000,0x00000000d77ec4c8,0x00000000d7800000)
 Metaspace       used 59830K, committed 61248K, reserved 1114112K
  class space    used 6220K, committed 6848K, reserved 1048576K
}
Event: 56.493 GC heap before
{Heap before GC invocations=377 (full 3):
 PSYoungGen      total 4096K, used 3520K [0x00000000eab00000, 0x00000000eb180000, 0x0000000100000000)
  eden space 3072K, 100% used [0x00000000eab00000,0x00000000eae00000,0x00000000eae00000)
  from space 1024K, 43% used [0x00000000eaf80000,0x00000000eaff0000,0x00000000eb080000)
  to   space 512K, 0% used [0x00000000eb100000,0x00000000eb100000,0x00000000eb180000)
 ParOldGen       total 385024K, used 384945K [0x00000000c0000000, 0x00000000d7800000, 0x00000000eab00000)
  object space 385024K, 99% used [0x00000000c0000000,0x00000000d77ec4c8,0x00000000d7800000)
 Metaspace       used 59830K, committed 61248K, reserved 1114112K
  class space    used 6220K, committed 6848K, reserved 1048576K
}
Event: 56.495 GC heap after
{Heap after GC invocations=377 (full 3):
 PSYoungGen      total 3584K, used 504K [0x00000000eab00000, 0x00000000eb180000, 0x0000000100000000)
  eden space 3072K, 0% used [0x00000000eab00000,0x00000000eab00000,0x00000000eae00000)
  from space 512K, 98% used [0x00000000eb100000,0x00000000eb17e008,0x00000000eb180000)
  to   space 1536K, 0% used [0x00000000eae80000,0x00000000eae80000,0x00000000eb000000)
 ParOldGen       total 385536K, used 385417K [0x00000000c0000000, 0x00000000d7880000, 0x00000000eab00000)
  object space 385536K, 99% used [0x00000000c0000000,0x00000000d78624c8,0x00000000d7880000)
 Metaspace       used 59830K, committed 61248K, reserved 1114112K
  class space    used 6220K, committed 6848K, reserved 1048576K
}
Event: 56.597 GC heap before
{Heap before GC invocations=378 (full 3):
 PSYoungGen      total 3584K, used 3576K [0x00000000eab00000, 0x00000000eb180000, 0x0000000100000000)
  eden space 3072K, 100% used [0x00000000eab00000,0x00000000eae00000,0x00000000eae00000)
  from space 512K, 98% used [0x00000000eb100000,0x00000000eb17e008,0x00000000eb180000)
  to   space 1536K, 0% used [0x00000000eae80000,0x00000000eae80000,0x00000000eb000000)
 ParOldGen       total 385536K, used 385417K [0x00000000c0000000, 0x00000000d7880000, 0x00000000eab00000)
  object space 385536K, 99% used [0x00000000c0000000,0x00000000d78624c8,0x00000000d7880000)
 Metaspace       used 59830K, committed 61248K, reserved 1114112K
  class space    used 6220K, committed 6848K, reserved 1048576K
}
Event: 56.600 GC heap after
{Heap after GC invocations=378 (full 3):
 PSYoungGen      total 4608K, used 448K [0x00000000eab00000, 0x00000000eb180000, 0x0000000100000000)
  eden space 3072K, 0% used [0x00000000eab00000,0x00000000eab00000,0x00000000eae00000)
  from space 1536K, 29% used [0x00000000eae80000,0x00000000eaef0000,0x00000000eb000000)
  to   space 1024K, 0% used [0x00000000eb080000,0x00000000eb080000,0x00000000eb180000)
 ParOldGen       total 386048K, used 385897K [0x00000000c0000000, 0x00000000d7900000, 0x00000000eab00000)
  object space 386048K, 99% used [0x00000000c0000000,0x00000000d78da4d0,0x00000000d7900000)
 Metaspace       used 59830K, committed 61248K, reserved 1114112K
  class space    used 6220K, committed 6848K, reserved 1048576K
}
Event: 56.884 GC heap before
{Heap before GC invocations=379 (full 3):
 PSYoungGen      total 4608K, used 3516K [0x00000000eab00000, 0x00000000eb180000, 0x0000000100000000)
  eden space 3072K, 99% used [0x00000000eab00000,0x00000000eadff108,0x00000000eae00000)
  from space 1536K, 29% used [0x00000000eae80000,0x00000000eaef0000,0x00000000eb000000)
  to   space 1024K, 0% used [0x00000000eb080000,0x00000000eb080000,0x00000000eb180000)
 ParOldGen       total 386048K, used 385897K [0x00000000c0000000, 0x00000000d7900000, 0x00000000eab00000)
  object space 386048K, 99% used [0x00000000c0000000,0x00000000d78da4d0,0x00000000d7900000)
 Metaspace       used 59830K, committed 61248K, reserved 1114112K
  class space    used 6220K, committed 6848K, reserved 1048576K
}
Event: 56.889 GC heap after
{Heap after GC invocations=379 (full 3):
 PSYoungGen      total 3584K, used 448K [0x00000000eab00000, 0x00000000eb100000, 0x0000000100000000)
  eden space 3072K, 0% used [0x00000000eab00000,0x00000000eab00000,0x00000000eae00000)
  from space 512K, 87% used [0x00000000eb080000,0x00000000eb0f0000,0x00000000eb100000)
  to   space 512K, 0% used [0x00000000eb000000,0x00000000eb000000,0x00000000eb080000)
 ParOldGen       total 386560K, used 386257K [0x00000000c0000000, 0x00000000d7980000, 0x00000000eab00000)
  object space 386560K, 99% used [0x00000000c0000000,0x00000000d79344d0,0x00000000d7980000)
 Metaspace       used 59830K, committed 61248K, reserved 1114112K
  class space    used 6220K, committed 6848K, reserved 1048576K
}
Event: 56.998 GC heap before
{Heap before GC invocations=380 (full 3):
 PSYoungGen      total 3584K, used 3520K [0x00000000eab00000, 0x00000000eb100000, 0x0000000100000000)
  eden space 3072K, 100% used [0x00000000eab00000,0x00000000eae00000,0x00000000eae00000)
  from space 512K, 87% used [0x00000000eb080000,0x00000000eb0f0000,0x00000000eb100000)
  to   space 512K, 0% used [0x00000000eb000000,0x00000000eb000000,0x00000000eb080000)
 ParOldGen       total 386560K, used 386257K [0x00000000c0000000, 0x00000000d7980000, 0x00000000eab00000)
  object space 386560K, 99% used [0x00000000c0000000,0x00000000d79344d0,0x00000000d7980000)
 Metaspace       used 59831K, committed 61248K, reserved 1114112K
  class space    used 6220K, committed 6848K, reserved 1048576K
}
Event: 57.002 GC heap after
{Heap after GC invocations=380 (full 3):
 PSYoungGen      total 3584K, used 512K [0x00000000eab00000, 0x00000000eb100000, 0x0000000100000000)
  eden space 3072K, 0% used [0x00000000eab00000,0x00000000eab00000,0x00000000eae00000)
  from space 512K, 100% used [0x00000000eb000000,0x00000000eb080000,0x00000000eb080000)
  to   space 512K, 0% used [0x00000000eb080000,0x00000000eb080000,0x00000000eb100000)
 ParOldGen       total 387072K, used 386793K [0x00000000c0000000, 0x00000000d7a00000, 0x00000000eab00000)
  object space 387072K, 99% used [0x00000000c0000000,0x00000000d79ba4d0,0x00000000d7a00000)
 Metaspace       used 59831K, committed 61248K, reserved 1114112K
  class space    used 6220K, committed 6848K, reserved 1048576K
}

Dll operation events (10 events):
Event: 0.016 Loaded shared library c:\Users\user\.vscode\extensions\redhat.java-1.41.1-win32-x64\jre\21.0.6-win32-x86_64\bin\java.dll
Event: 0.073 Loaded shared library c:\Users\user\.vscode\extensions\redhat.java-1.41.1-win32-x64\jre\21.0.6-win32-x86_64\bin\zip.dll
Event: 0.279 Loaded shared library C:\Users\user\.vscode\extensions\redhat.java-1.41.1-win32-x64\jre\21.0.6-win32-x86_64\bin\instrument.dll
Event: 0.305 Loaded shared library C:\Users\user\.vscode\extensions\redhat.java-1.41.1-win32-x64\jre\21.0.6-win32-x86_64\bin\net.dll
Event: 0.311 Loaded shared library C:\Users\user\.vscode\extensions\redhat.java-1.41.1-win32-x64\jre\21.0.6-win32-x86_64\bin\nio.dll
Event: 0.322 Loaded shared library C:\Users\user\.vscode\extensions\redhat.java-1.41.1-win32-x64\jre\21.0.6-win32-x86_64\bin\zip.dll
Event: 0.385 Loaded shared library C:\Users\user\.vscode\extensions\redhat.java-1.41.1-win32-x64\jre\21.0.6-win32-x86_64\bin\jimage.dll
Event: 0.597 Loaded shared library c:\Users\user\.vscode\extensions\redhat.java-1.41.1-win32-x64\jre\21.0.6-win32-x86_64\bin\verify.dll
Event: 3.637 Loaded shared library C:\Users\user\AppData\Roaming\Code\User\globalStorage\redhat.java\1.41.1\config_win\org.eclipse.equinox.launcher\org.eclipse.equinox.launcher.win32.win32.x86_64_1.2.1300.v20250331-1702\eclipse_11911.dll
Event: 7.864 Loaded shared library C:\Users\user\AppData\Local\Temp\jna-3599307\jna4061334491414474471.dll

Deoptimization events (20 events):
Event: 56.985 Thread 0x000001ef6f9b1250 DEOPT PACKING pc=0x000001ef60abf83c sp=0x00000056597feaf0
Event: 56.985 Thread 0x000001ef6f9b1250 DEOPT UNPACKING pc=0x000001ef5ffd3aa2 sp=0x00000056597fea98 mode 2
Event: 57.143 Thread 0x000001ef6f9b1250 DEOPT PACKING pc=0x000001ef59e53ace sp=0x00000056597fe7b0
Event: 57.143 Thread 0x000001ef6f9b1250 DEOPT UNPACKING pc=0x000001ef5ffd4242 sp=0x00000056597fdcb0 mode 0
Event: 57.175 Thread 0x000001ef6f9b1250 DEOPT PACKING pc=0x000001ef59e53ace sp=0x00000056597fe7b0
Event: 57.175 Thread 0x000001ef6f9b1250 DEOPT UNPACKING pc=0x000001ef5ffd4242 sp=0x00000056597fdcb0 mode 0
Event: 57.191 Thread 0x000001ef6f9b1250 DEOPT PACKING pc=0x000001ef59e53ace sp=0x00000056597fe7b0
Event: 57.191 Thread 0x000001ef6f9b1250 DEOPT UNPACKING pc=0x000001ef5ffd4242 sp=0x00000056597fdcb0 mode 0
Event: 57.194 Thread 0x000001ef6f9b1250 DEOPT PACKING pc=0x000001ef59e53ace sp=0x00000056597fe7b0
Event: 57.194 Thread 0x000001ef6f9b1250 DEOPT UNPACKING pc=0x000001ef5ffd4242 sp=0x00000056597fdcb0 mode 0
Event: 57.196 Thread 0x000001ef6f9b1250 Uncommon trap: trap_request=0xffffff45 fr.pc=0x000001ef60ae1c88 relative=0x0000000000000608
Event: 57.196 Thread 0x000001ef6f9b1250 Uncommon trap: reason=unstable_if action=reinterpret pc=0x000001ef60ae1c88 method=org.eclipse.jdt.internal.core.index.DiskIndex.writeStreamChars(Ljava/io/OutputStream;[C)V @ 100 c2
Event: 57.196 Thread 0x000001ef6f9b1250 DEOPT PACKING pc=0x000001ef60ae1c88 sp=0x00000056597fe760
Event: 57.196 Thread 0x000001ef6f9b1250 DEOPT UNPACKING pc=0x000001ef5ffd3aa2 sp=0x00000056597fe6d0 mode 2
Event: 57.197 Thread 0x000001ef6f9b1250 DEOPT PACKING pc=0x000001ef59e53ace sp=0x00000056597fe7b0
Event: 57.198 Thread 0x000001ef6f9b1250 DEOPT UNPACKING pc=0x000001ef5ffd4242 sp=0x00000056597fdcb0 mode 0
Event: 57.210 Thread 0x000001ef6f9b1250 DEOPT PACKING pc=0x000001ef59e53bcc sp=0x00000056597fe7b0
Event: 57.210 Thread 0x000001ef6f9b1250 DEOPT UNPACKING pc=0x000001ef5ffd4242 sp=0x00000056597fdcb0 mode 0
Event: 57.212 Thread 0x000001ef6f9b1250 DEOPT PACKING pc=0x000001ef59e53ace sp=0x00000056597fe7b0
Event: 57.212 Thread 0x000001ef6f9b1250 DEOPT UNPACKING pc=0x000001ef5ffd4242 sp=0x00000056597fdcb0 mode 0

Classes loaded (20 events):
Event: 33.462 Loading class sun/util/resources/cldr/TimeZoneNames_en_US
Event: 33.462 Loading class sun/util/resources/cldr/TimeZoneNames_en_US done
Event: 33.464 Loading class sun/util/cldr/CLDRBaseLocaleDataMetaInfo$TZCanonicalIDMapHolder
Event: 33.466 Loading class sun/util/cldr/CLDRBaseLocaleDataMetaInfo$TZCanonicalIDMapHolder done
Event: 33.467 Loading class sun/util/resources/TimeZoneNames
Event: 33.469 Loading class sun/util/resources/TimeZoneNames done
Event: 33.469 Loading class sun/util/resources/TimeZoneNames_en
Event: 33.469 Loading class sun/util/resources/TimeZoneNames_en done
Event: 33.770 Loading class java/util/Collections$SynchronizedRandomAccessList
Event: 33.770 Loading class java/util/Collections$SynchronizedList
Event: 33.770 Loading class java/util/Collections$SynchronizedList done
Event: 33.770 Loading class java/util/Collections$SynchronizedRandomAccessList done
Event: 33.803 Loading class java/util/concurrent/CompletableFuture$Signaller
Event: 33.803 Loading class java/util/concurrent/CompletableFuture$Signaller done
Event: 33.879 Loading class java/util/Hashtable$KeySet
Event: 33.879 Loading class java/util/Hashtable$KeySet done
Event: 34.071 Loading class java/lang/invoke/MethodHandleImpl$CountingWrapper$1
Event: 34.071 Loading class java/lang/invoke/MethodHandleImpl$CountingWrapper$1 done
Event: 53.150 Loading class sun/nio/fs/WindowsFileCopy
Event: 53.185 Loading class sun/nio/fs/WindowsFileCopy done

Classes unloaded (8 events):
Event: 11.052 Thread 0x000001ef559101f0 Unloading class 0x000001ef01199000 'java/lang/invoke/LambdaForm$MH+0x000001ef01199000'
Event: 11.052 Thread 0x000001ef559101f0 Unloading class 0x000001ef01198c00 'java/lang/invoke/LambdaForm$MH+0x000001ef01198c00'
Event: 11.052 Thread 0x000001ef559101f0 Unloading class 0x000001ef01198800 'java/lang/invoke/LambdaForm$MH+0x000001ef01198800'
Event: 11.052 Thread 0x000001ef559101f0 Unloading class 0x000001ef01198400 'java/lang/invoke/LambdaForm$MH+0x000001ef01198400'
Event: 11.052 Thread 0x000001ef559101f0 Unloading class 0x000001ef01198000 'java/lang/invoke/LambdaForm$BMH+0x000001ef01198000'
Event: 11.052 Thread 0x000001ef559101f0 Unloading class 0x000001ef01197c00 'java/lang/invoke/LambdaForm$DMH+0x000001ef01197c00'
Event: 11.052 Thread 0x000001ef559101f0 Unloading class 0x000001ef01196c00 'java/lang/invoke/LambdaForm$DMH+0x000001ef01196c00'
Event: 33.200 Thread 0x000001ef559101f0 Unloading class 0x000001ef01639800 'java/lang/invoke/LambdaForm$DMH+0x000001ef01639800'

Classes redefined (0 events):
No events

Internal exceptions (20 events):
Event: 35.990 Thread 0x000001ef6f9b18e0 Implicit null exception at 0x000001ef60715b49 to 0x000001ef607167e4
Event: 37.101 Thread 0x000001ef6f9b18e0 Exception <a 'sun/nio/fs/WindowsException'{0x00000000eae4e4e0}> (0x00000000eae4e4e0) 
thrown [s\src\hotspot\share\prims\jni.cpp, line 520]
Event: 37.101 Thread 0x000001ef6f9b18e0 Exception <a 'sun/nio/fs/WindowsException'{0x00000000eae4ed30}> (0x00000000eae4ed30) 
thrown [s\src\hotspot\share\prims\jni.cpp, line 520]
Event: 37.102 Thread 0x000001ef6f9b18e0 Exception <a 'sun/nio/fs/WindowsException'{0x00000000eae4fd20}> (0x00000000eae4fd20) 
thrown [s\src\hotspot\share\prims\jni.cpp, line 520]
Event: 37.102 Thread 0x000001ef6f9b18e0 Exception <a 'sun/nio/fs/WindowsException'{0x00000000eae50570}> (0x00000000eae50570) 
thrown [s\src\hotspot\share\prims\jni.cpp, line 520]
Event: 37.104 Thread 0x000001ef6f9b18e0 Exception <a 'sun/nio/fs/WindowsException'{0x00000000eae51ff0}> (0x00000000eae51ff0) 
thrown [s\src\hotspot\share\prims\jni.cpp, line 520]
Event: 37.104 Thread 0x000001ef6f9b18e0 Exception <a 'sun/nio/fs/WindowsException'{0x00000000eae52840}> (0x00000000eae52840) 
thrown [s\src\hotspot\share\prims\jni.cpp, line 520]
Event: 37.148 Thread 0x000001ef6f9b18e0 Exception <a 'sun/nio/fs/WindowsException'{0x00000000eab1f258}> (0x00000000eab1f258) 
thrown [s\src\hotspot\share\prims\jni.cpp, line 520]
Event: 37.149 Thread 0x000001ef6f9b18e0 Exception <a 'sun/nio/fs/WindowsException'{0x00000000eab1fd58}> (0x00000000eab1fd58) 
thrown [s\src\hotspot\share\prims\jni.cpp, line 520]
Event: 37.613 Thread 0x000001ef6f9b18e0 Exception <a 'sun/nio/fs/WindowsException'{0x00000000ead35cc8}> (0x00000000ead35cc8) 
thrown [s\src\hotspot\share\prims\jni.cpp, line 520]
Event: 37.613 Thread 0x000001ef6f9b18e0 Exception <a 'sun/nio/fs/WindowsException'{0x00000000ead36518}> (0x00000000ead36518) 
thrown [s\src\hotspot\share\prims\jni.cpp, line 520]
Event: 37.614 Thread 0x000001ef6f9b18e0 Exception <a 'sun/nio/fs/WindowsException'{0x00000000ead37508}> (0x00000000ead37508) 
thrown [s\src\hotspot\share\prims\jni.cpp, line 520]
Event: 37.614 Thread 0x000001ef6f9b18e0 Exception <a 'sun/nio/fs/WindowsException'{0x00000000ead37f98}> (0x00000000ead37f98) 
thrown [s\src\hotspot\share\prims\jni.cpp, line 520]
Event: 37.614 Thread 0x000001ef6f9b18e0 Exception <a 'sun/nio/fs/WindowsException'{0x00000000ead39a18}> (0x00000000ead39a18) 
thrown [s\src\hotspot\share\prims\jni.cpp, line 520]
Event: 37.615 Thread 0x000001ef6f9b18e0 Exception <a 'sun/nio/fs/WindowsException'{0x00000000ead3a268}> (0x00000000ead3a268) 
thrown [s\src\hotspot\share\prims\jni.cpp, line 520]
Event: 37.621 Thread 0x000001ef6f9b18e0 Exception <a 'sun/nio/fs/WindowsException'{0x00000000eada1090}> (0x00000000eada1090) 
thrown [s\src\hotspot\share\prims\jni.cpp, line 520]
Event: 37.621 Thread 0x000001ef6f9b18e0 Exception <a 'sun/nio/fs/WindowsException'{0x00000000eada1b90}> (0x00000000eada1b90) 
thrown [s\src\hotspot\share\prims\jni.cpp, line 520]
Event: 37.940 Thread 0x000001ef6f9b18e0 Implicit null exception at 0x000001ef606c3c09 to 0x000001ef606c3d1c
Event: 53.193 Thread 0x000001ef6f9b1250 Exception <a 'sun/nio/fs/WindowsException'{0x00000000eadad520}> (0x00000000eadad520) 
thrown [s\src\hotspot\share\prims\jni.cpp, line 520]
Event: 53.784 Thread 0x000001ef6f9b1250 Exception <a 'sun/nio/fs/WindowsException'{0x00000000eadd4698}> (0x00000000eadd4698) 
thrown [s\src\hotspot\share\prims\jni.cpp, line 520]

ZGC Phase Switch (0 events):
No events

VM Operations (20 events):
Event: 55.993 Executing VM operation: ParallelGCFailedAllocation (Allocation Failure)
Event: 55.998 Executing VM operation: ParallelGCFailedAllocation (Allocation Failure) done
Event: 56.101 Executing VM operation: ParallelGCFailedAllocation (Allocation Failure)
Event: 56.105 Executing VM operation: ParallelGCFailedAllocation (Allocation Failure) done
Event: 56.156 Executing VM operation: ParallelGCFailedAllocation (Allocation Failure)
Event: 56.161 Executing VM operation: ParallelGCFailedAllocation (Allocation Failure) done
Event: 56.210 Executing VM operation: ParallelGCFailedAllocation (Allocation Failure)
Event: 56.212 Executing VM operation: ParallelGCFailedAllocation (Allocation Failure) done
Event: 56.258 Executing VM operation: ParallelGCFailedAllocation (Allocation Failure)
Event: 56.261 Executing VM operation: ParallelGCFailedAllocation (Allocation Failure) done
Event: 56.335 Executing VM operation: ParallelGCFailedAllocation (Allocation Failure)
Event: 56.345 Executing VM operation: ParallelGCFailedAllocation (Allocation Failure) done
Event: 56.492 Executing VM operation: ParallelGCFailedAllocation (Allocation Failure)
Event: 56.495 Executing VM operation: ParallelGCFailedAllocation (Allocation Failure) done
Event: 56.597 Executing VM operation: ParallelGCFailedAllocation (Allocation Failure)
Event: 56.600 Executing VM operation: ParallelGCFailedAllocation (Allocation Failure) done
Event: 56.884 Executing VM operation: ParallelGCFailedAllocation (Allocation Failure)
Event: 56.889 Executing VM operation: ParallelGCFailedAllocation (Allocation Failure) done
Event: 56.998 Executing VM operation: ParallelGCFailedAllocation (Allocation Failure)
Event: 57.002 Executing VM operation: ParallelGCFailedAllocation (Allocation Failure) done

Memory protections (0 events):
No events

Nmethod flushes (20 events):
Event: 33.232 Thread 0x000001ef559101f0 flushing  nmethod 0x000001ef593eef90
Event: 33.232 Thread 0x000001ef559101f0 flushing  nmethod 0x000001ef593ef810
Event: 33.232 Thread 0x000001ef559101f0 flushing  nmethod 0x000001ef593f9110
Event: 33.232 Thread 0x000001ef559101f0 flushing  nmethod 0x000001ef593fc510
Event: 33.232 Thread 0x000001ef559101f0 flushing  nmethod 0x000001ef59400990
Event: 33.232 Thread 0x000001ef559101f0 flushing  nmethod 0x000001ef59400f10
Event: 33.232 Thread 0x000001ef559101f0 flushing  nmethod 0x000001ef59401790
Event: 33.232 Thread 0x000001ef559101f0 flushing  nmethod 0x000001ef59402990
Event: 33.232 Thread 0x000001ef559101f0 flushing  nmethod 0x000001ef59403890
Event: 33.232 Thread 0x000001ef559101f0 flushing  nmethod 0x000001ef59403e10
Event: 33.232 Thread 0x000001ef559101f0 flushing  nmethod 0x000001ef59404510
Event: 33.232 Thread 0x000001ef559101f0 flushing  nmethod 0x000001ef59404990
Event: 33.232 Thread 0x000001ef559101f0 flushing  nmethod 0x000001ef59405690
Event: 33.232 Thread 0x000001ef559101f0 flushing  nmethod 0x000001ef59407690
Event: 33.232 Thread 0x000001ef559101f0 flushing  nmethod 0x000001ef59407b90
Event: 33.232 Thread 0x000001ef559101f0 flushing  nmethod 0x000001ef59408990
Event: 33.232 Thread 0x000001ef559101f0 flushing  nmethod 0x000001ef5940ff90
Event: 33.232 Thread 0x000001ef559101f0 flushing  nmethod 0x000001ef59453410
Event: 33.232 Thread 0x000001ef559101f0 flushing  nmethod 0x000001ef59456c10
Event: 33.232 Thread 0x000001ef559101f0 flushing  nmethod 0x000001ef59478190

Events (20 events):
Event: 30.298 Thread 0x000001ef6f9b0bc0 Thread added: 0x000001ef71b4c4e0
Event: 30.298 Thread 0x000001ef6f9b0bc0 Thread added: 0x000001ef71b4b130
Event: 30.299 Thread 0x000001ef6f9b0bc0 Thread added: 0x000001ef71b496f0
Event: 30.611 Thread 0x000001ef71b4be50 Thread exited: 0x000001ef71b4be50
Event: 30.611 Thread 0x000001ef71b496f0 Thread exited: 0x000001ef71b496f0
Event: 30.611 Thread 0x000001ef71b4b130 Thread exited: 0x000001ef71b4b130
Event: 30.616 Thread 0x000001ef71b49060 Thread exited: 0x000001ef71b49060
Event: 30.619 Thread 0x000001ef71b4c4e0 Thread exited: 0x000001ef71b4c4e0
Event: 31.200 Thread 0x000001ef6f9b0bc0 Thread added: 0x000001ef71b4aaa0
Event: 31.200 Thread 0x000001ef6f9b0bc0 Thread added: 0x000001ef71b4b130
Event: 31.201 Thread 0x000001ef6f9b0bc0 Thread added: 0x000001ef71b496f0
Event: 31.202 Thread 0x000001ef6f9b0bc0 Thread added: 0x000001ef71b49060
Event: 31.202 Thread 0x000001ef6f9b0bc0 Thread added: 0x000001ef71b4b7c0
Event: 31.303 Thread 0x000001ef71b4b7c0 Thread exited: 0x000001ef71b4b7c0
Event: 31.303 Thread 0x000001ef71b4b130 Thread exited: 0x000001ef71b4b130
Event: 31.304 Thread 0x000001ef71b496f0 Thread exited: 0x000001ef71b496f0
Event: 31.304 Thread 0x000001ef71b4aaa0 Thread exited: 0x000001ef71b4aaa0
Event: 31.304 Thread 0x000001ef71b49060 Thread exited: 0x000001ef71b49060
Event: 33.942 Thread 0x000001ef6f9b18e0 Thread added: 0x000001ef71b4aaa0
Event: 38.991 Thread 0x000001ef71b4aaa0 Thread exited: 0x000001ef71b4aaa0


Dynamic libraries:
0x00007ff64f3d0000 - 0x00007ff64f3de000 	c:\Users\user\.vscode\extensions\redhat.java-1.41.1-win32-x64\jre\21.0.6-win32-x86_64\bin\java.exe
0x00007ffd42170000 - 0x00007ffd42368000 	C:\WINDOWS\SYSTEM32\ntdll.dll
0x00007ffd41e60000 - 0x00007ffd41f22000 	C:\WINDOWS\System32\KERNEL32.DLL
0x00007ffd3f900000 - 0x00007ffd3fbf6000 	C:\WINDOWS\System32\KERNELBASE.dll
0x00007ffd3f800000 - 0x00007ffd3f900000 	C:\WINDOWS\System32\ucrtbase.dll
0x00007ffd38250000 - 0x00007ffd38268000 	c:\Users\user\.vscode\extensions\redhat.java-1.41.1-win32-x64\jre\21.0.6-win32-x86_64\bin\jli.dll
0x00007ffd41f30000 - 0x00007ffd420cd000 	C:\WINDOWS\System32\USER32.dll
0x00007ffd38170000 - 0x00007ffd3818e000 	c:\Users\user\.vscode\extensions\redhat.java-1.41.1-win32-x64\jre\21.0.6-win32-x86_64\bin\VCRUNTIME140.dll
0x00007ffd400b0000 - 0x00007ffd400d2000 	C:\WINDOWS\System32\win32u.dll
0x00007ffd417f0000 - 0x00007ffd4181b000 	C:\WINDOWS\System32\GDI32.dll
0x00007ffd3fee0000 - 0x00007ffd3fffa000 	C:\WINDOWS\System32\gdi32full.dll
0x00007ffd3ebc0000 - 0x00007ffd3ee5a000 	C:\WINDOWS\WinSxS\amd64_microsoft.windows.common-controls_6595b64144ccf1df_6.0.19041.4355_none_60b8b9eb71f62e16\COMCTL32.dll
0x00007ffd3fce0000 - 0x00007ffd3fd7d000 	C:\WINDOWS\System32\msvcp_win.dll
0x00007ffd40220000 - 0x00007ffd402be000 	C:\WINDOWS\System32\msvcrt.dll
0x00007ffd402c0000 - 0x00007ffd402ef000 	C:\WINDOWS\System32\IMM32.DLL
0x00007ffd3d610000 - 0x00007ffd3d61c000 	c:\Users\user\.vscode\extensions\redhat.java-1.41.1-win32-x64\jre\21.0.6-win32-x86_64\bin\vcruntime140_1.dll
0x00007ffd02bd0000 - 0x00007ffd02c5d000 	c:\Users\user\.vscode\extensions\redhat.java-1.41.1-win32-x64\jre\21.0.6-win32-x86_64\bin\msvcp140.dll
0x00007ffcc94b0000 - 0x00007ffcca240000 	c:\Users\user\.vscode\extensions\redhat.java-1.41.1-win32-x64\jre\21.0.6-win32-x86_64\bin\server\jvm.dll
0x00007ffd41c80000 - 0x00007ffd41d2f000 	C:\WINDOWS\System32\ADVAPI32.dll
0x00007ffd415b0000 - 0x00007ffd4164f000 	C:\WINDOWS\System32\sechost.dll
0x00007ffd41d30000 - 0x00007ffd41e53000 	C:\WINDOWS\System32\RPCRT4.dll
0x00007ffd40000000 - 0x00007ffd40027000 	C:\WINDOWS\System32\bcrypt.dll
0x00007ffd41a30000 - 0x00007ffd41a9b000 	C:\WINDOWS\System32\WS2_32.dll
0x00007ffd3f240000 - 0x00007ffd3f28b000 	C:\WINDOWS\SYSTEM32\POWRPROF.dll
0x00007ffd2aa30000 - 0x00007ffd2aa57000 	C:\WINDOWS\SYSTEM32\WINMM.dll
0x00007ffd3bfd0000 - 0x00007ffd3bfda000 	C:\WINDOWS\SYSTEM32\VERSION.dll
0x00007ffd3ef50000 - 0x00007ffd3ef62000 	C:\WINDOWS\SYSTEM32\UMPDC.dll
0x00007ffd3d9a0000 - 0x00007ffd3d9b2000 	C:\WINDOWS\SYSTEM32\kernel.appcore.dll
0x00007ffd3d5c0000 - 0x00007ffd3d5ca000 	c:\Users\user\.vscode\extensions\redhat.java-1.41.1-win32-x64\jre\21.0.6-win32-x86_64\bin\jimage.dll
0x00007ffd3f050000 - 0x00007ffd3f234000 	C:\WINDOWS\SYSTEM32\DBGHELP.DLL
0x00007ffd3ef90000 - 0x00007ffd3efc4000 	C:\WINDOWS\SYSTEM32\dbgcore.DLL
0x00007ffd3fc00000 - 0x00007ffd3fc82000 	C:\WINDOWS\System32\bcryptPrimitives.dll
0x00007ffd3ab10000 - 0x00007ffd3ab1f000 	c:\Users\user\.vscode\extensions\redhat.java-1.41.1-win32-x64\jre\21.0.6-win32-x86_64\bin\instrument.dll
0x00007ffd37af0000 - 0x00007ffd37b0f000 	c:\Users\user\.vscode\extensions\redhat.java-1.41.1-win32-x64\jre\21.0.6-win32-x86_64\bin\java.dll
0x00007ffd40e40000 - 0x00007ffd415af000 	C:\WINDOWS\System32\SHELL32.dll
0x00007ffd3c950000 - 0x00007ffd3d0f3000 	C:\WINDOWS\SYSTEM32\windows.storage.dll
0x00007ffd40ae0000 - 0x00007ffd40e35000 	C:\WINDOWS\System32\combase.dll
0x00007ffd3eb20000 - 0x00007ffd3eb4b000 	C:\WINDOWS\SYSTEM32\Wldp.dll
0x00007ffd403e0000 - 0x00007ffd404ad000 	C:\WINDOWS\System32\OLEAUT32.dll
0x00007ffd41bd0000 - 0x00007ffd41c7d000 	C:\WINDOWS\System32\SHCORE.dll
0x00007ffd420d0000 - 0x00007ffd42125000 	C:\WINDOWS\System32\shlwapi.dll
0x00007ffd3f730000 - 0x00007ffd3f755000 	C:\WINDOWS\SYSTEM32\profapi.dll
0x00007ffd3aca0000 - 0x00007ffd3acb8000 	c:\Users\user\.vscode\extensions\redhat.java-1.41.1-win32-x64\jre\21.0.6-win32-x86_64\bin\zip.dll
0x00007ffd3aaa0000 - 0x00007ffd3aab0000 	C:\Users\user\.vscode\extensions\redhat.java-1.41.1-win32-x64\jre\21.0.6-win32-x86_64\bin\net.dll
0x00007ffd36160000 - 0x00007ffd3626a000 	C:\WINDOWS\SYSTEM32\WINHTTP.dll
0x00007ffd3e9e0000 - 0x00007ffd3ea4c000 	C:\WINDOWS\system32\mswsock.dll
0x00007ffd37a00000 - 0x00007ffd37a16000 	C:\Users\user\.vscode\extensions\redhat.java-1.41.1-win32-x64\jre\21.0.6-win32-x86_64\bin\nio.dll
0x00007ffd3a8c0000 - 0x00007ffd3a8d0000 	c:\Users\user\.vscode\extensions\redhat.java-1.41.1-win32-x64\jre\21.0.6-win32-x86_64\bin\verify.dll
0x00007ffd2a2d0000 - 0x00007ffd2a315000 	C:\Users\user\AppData\Roaming\Code\User\globalStorage\redhat.java\1.41.1\config_win\org.eclipse.equinox.launcher\org.eclipse.equinox.launcher.win32.win32.x86_64_1.2.1300.v20250331-1702\eclipse_11911.dll
0x00007ffd41aa0000 - 0x00007ffd41bcb000 	C:\WINDOWS\System32\ole32.dll
0x00007ffd3f570000 - 0x00007ffd3f588000 	C:\WINDOWS\SYSTEM32\CRYPTSP.dll
0x00007ffd3e1f0000 - 0x00007ffd3e228000 	C:\WINDOWS\system32\rsaenh.dll
0x00007ffd3f6f0000 - 0x00007ffd3f71e000 	C:\WINDOWS\SYSTEM32\USERENV.dll
0x00007ffd3e950000 - 0x00007ffd3e95c000 	C:\WINDOWS\SYSTEM32\CRYPTBASE.dll
0x00007ffd3e550000 - 0x00007ffd3e58b000 	C:\WINDOWS\SYSTEM32\IPHLPAPI.DLL
0x00007ffd403d0000 - 0x00007ffd403d8000 	C:\WINDOWS\System32\NSI.dll
0x00007ffd24530000 - 0x00007ffd24579000 	C:\Users\user\AppData\Local\Temp\jna-3599307\jna4061334491414474471.dll
0x00007ffd41650000 - 0x00007ffd41658000 	C:\WINDOWS\System32\PSAPI.DLL
0x00007ffd36fb0000 - 0x00007ffd36fc7000 	C:\WINDOWS\SYSTEM32\dhcpcsvc6.DLL
0x00007ffd36e10000 - 0x00007ffd36e2d000 	C:\WINDOWS\SYSTEM32\dhcpcsvc.DLL

dbghelp: loaded successfully - version: 4.0.5 - missing functions: none
symbol engine: initialized successfully - sym options: 0x614 - pdb path: .;c:\Users\user\.vscode\extensions\redhat.java-1.41.1-win32-x64\jre\21.0.6-win32-x86_64\bin;C:\WINDOWS\SYSTEM32;C:\WINDOWS\WinSxS\amd64_microsoft.windows.common-controls_6595b64144ccf1df_6.0.19041.4355_none_60b8b9eb71f62e16;c:\Users\user\.vscode\extensions\redhat.java-1.41.1-win32-x64\jre\21.0.6-win32-x86_64\bin\server;C:\Users\user\AppData\Roaming\Code\User\globalStorage\redhat.java\1.41.1\config_win\org.eclipse.equinox.launcher\org.eclipse.equinox.launcher.win32.win32.x86_64_1.2.1300.v20250331-1702;C:\Users\user\AppData\Local\Temp\jna-3599307

VM Arguments:
jvm_args: --add-modules=ALL-SYSTEM --add-opens=java.base/java.util=ALL-UNNAMED --add-opens=java.base/java.lang=ALL-UNNAMED --add-opens=java.base/sun.nio.fs=ALL-UNNAMED -Declipse.application=org.eclipse.jdt.ls.core.id1 -Dosgi.bundles.defaultStartLevel=4 -Declipse.product=org.eclipse.jdt.ls.core.product -Djava.import.generatesMetadataFilesAtProjectRoot=false -DDetectVMInstallationsJob.disabled=true -Dfile.encoding=utf8 -XX:+UseParallelGC -XX:GCTimeRatio=4 -XX:AdaptiveSizePolicyWeight=90 -Dsun.zip.disableMemoryMapping=true -Xmx1G -Xms100m -Xlog:disable -javaagent:c:\Users\user\.vscode\extensions\redhat.java-1.41.1-win32-x64\lombok\lombok-1.18.36.jar -XX:+HeapDumpOnOutOfMemoryError -XX:HeapDumpPath=c:\Users\user\AppData\Roaming\Code\User\workspaceStorage\7081d4938b7bc58abd24a11fd8b53687\redhat.java -Daether.dependencyCollector.impl=bf 
java_command: c:\Users\user\.vscode\extensions\redhat.java-1.41.1-win32-x64\server\plugins\org.eclipse.equinox.launcher_1.7.0.v20250331-1702.jar -configuration c:\Users\user\AppData\Roaming\Code\User\globalStorage\redhat.java\1.41.1\config_win -data c:\Users\user\AppData\Roaming\Code\User\workspaceStorage\7081d4938b7bc58abd24a11fd8b53687\redhat.java\jdt_ws --pipe=\\.\pipe\lsp-6f2cd289340a578f25f24aa3b839d534-sock
java_class_path (initial): c:\Users\user\.vscode\extensions\redhat.java-1.41.1-win32-x64\server\plugins\org.eclipse.equinox.launcher_1.7.0.v20250331-1702.jar
Launcher Type: SUN_STANDARD

[Global flags]
    uintx AdaptiveSizePolicyWeight                 = 90                                        {product} {command line}
     intx CICompilerCount                          = 3                                         {product} {ergonomic}
    uintx GCTimeRatio                              = 4                                         {product} {command line}
     bool HeapDumpOnOutOfMemoryError               = true                                   {manageable} {command line}
    ccstr HeapDumpPath                             = c:\Users\user\AppData\Roaming\Code\User\workspaceStorage\7081d4938b7bc58abd24a11fd8b53687\redhat.java         {manageable} {command line}
   size_t InitialHeapSize                          = 104857600                                 {product} {command line}
   size_t MaxHeapSize                              = 1073741824                                {product} {command line}
   size_t MaxNewSize                               = 357564416                                 {product} {ergonomic}
   size_t MinHeapDeltaBytes                        = 524288                                    {product} {ergonomic}
   size_t MinHeapSize                              = 104857600                                 {product} {command line}
   size_t NewSize                                  = 34603008                                  {product} {ergonomic}
    uintx NonNMethodCodeHeapSize                   = 5832780                                {pd product} {ergonomic}
    uintx NonProfiledCodeHeapSize                  = 122912730                              {pd product} {ergonomic}
   size_t OldSize                                  = 70254592                                  {product} {ergonomic}
    uintx ProfiledCodeHeapSize                     = 122912730                              {pd product} {ergonomic}
    uintx ReservedCodeCacheSize                    = 251658240                              {pd product} {ergonomic}
     bool SegmentedCodeCache                       = true                                      {product} {ergonomic}
   size_t SoftMaxHeapSize                          = 1073741824                             {manageable} {ergonomic}
     bool UseCompressedOops                        = true                           {product lp64_product} {ergonomic}
     bool UseLargePagesIndividualAllocation        = false                                  {pd product} {ergonomic}
     bool UseParallelGC                            = true                                      {product} {command line}

Logging:
Log output configuration:
 #0: stdout all=off uptime,level,tags foldmultilines=false
 #1: stderr all=off uptime,level,tags foldmultilines=false

Environment Variables:
PATH=C:\Program Files (x86)\VMware\VMware Workstation\bin\;C:\Program Files\Common Files\Oracle\Java\javapath;C:\Program Files (x86)\Common Files\Intel\Shared Libraries\redist\intel64\compiler;C:\Program Files (x86)\Intel\iCLS Client\;C:\Program Files\Intel\iCLS Client\;C:\Windows\system32;C:\Windows;C:\Windows\System32\Wbem;C:\Windows\System32\WindowsPowerShell\v1.0\;C:\Program Files (x86)\Intel\Intel(R) Management Engine Components\DAL;C:\Program Files\Intel\Intel(R) Management Engine Components\DAL;C:\Program Files (x86)\Intel\Intel(R) Management Engine Components\IPT;C:\Program Files\Intel\Intel(R) Management Engine Components\IPT;C:\Program Files (x86)\NVIDIA Corporation\PhysX\Common;C:\WINDOWS\system32;C:\WINDOWS;C:\WINDOWS\System32\Wbem;C:\WINDOWS\System32\WindowsPowerShell\v1.0\;C:\WINDOWS\System32\OpenSSH\;C:\Program Files\Intel\WiFi\bin\;C:\Program Files\Common Files\Intel\WirelessCommon\;C:\Program Files\Git\cmd;C:\Users\user\AppData\Local\Microsoft\WindowsApps;C:\Users\user\AppData\Local\GitHubDesktop\bin;C:\Users\user\AppData\Local\Microsoft\WindowsApps;C:\Users\user\AppData\Local\Programs\Microsoft VS Code\bin
USERNAME=user
OS=Windows_NT
PROCESSOR_IDENTIFIER=Intel64 Family 6 Model 142 Stepping 9, GenuineIntel
TMP=C:\Users\user\AppData\Local\Temp
TEMP=C:\Users\user\AppData\Local\Temp




Periodic native trim disabled

---------------  S Y S T E M  ---------------

OS:
 Windows 10 , 64 bit Build 19041 (10.0.19041.5678)
OS uptime: 2 days 22:28 hours

CPU: total 4 (initial active 4) (2 cores per cpu, 2 threads per core) family 6 model 142 stepping 9 microcode 0xb4, cx8, cmov, fxsr, ht, mmx, 3dnowpref, sse, sse2, sse3, ssse3, sse4.1, sse4.2, popcnt, lzcnt, tsc, tscinvbit, avx, avx2, aes, erms, clmul, bmi1, bmi2, adx, fma, vzeroupper, clflush, clflushopt, rdtscp, f16c
Processor Information for the first 4 processors :
  Max Mhz: 2712, Current Mhz: 2511, Mhz Limit: 2495

Memory: 4k page, system-wide physical 3982M (122M free)
TotalPageFile size 12870M (AvailPageFile size 28M)
current process WorkingSet (physical memory assigned to process): 265M, peak: 386M
current process commit charge ("private bytes"): 605M, peak: 610M

vm_info: OpenJDK 64-Bit Server VM (21.0.6+7-LTS) for windows-amd64 JRE (21.0.6+7-LTS), built on 2025-01-21T00:00:00Z by "admin" with MS VC++ 17.7 (VS2022)

END.
